============================================================
  Generated by:           Genus(TM) Synthesis Solution 23.14-s090_1
  Generated on:           Nov 02 2025  07:31:54 pm
  Module:                 ai_neuron_top_comp_v2
  Operating conditions:   PVT_0P9V_125C (balanced_tree)
  Wireload mode:          enclosed
  Area mode:              timing library
============================================================

Deleted Sequential Summary
=============================
   Reason      Count
-----------------------------
constant 0     1180
constant 1     51
unloaded       64

   Reason      Instance Name
-----------------------------
unloaded       u_mon/acc_rate_q[0]
unloaded       u_mon/acc_rate_q[1]
unloaded       u_mon/acc_rate_q[2]
unloaded       u_mon/acc_rate_q[3]
unloaded       u_mon/acc_rate_q[4]
unloaded       u_mon/acc_rate_q[5]
unloaded       u_mon/acc_rate_q[6]
unloaded       u_mon/acc_rate_q[7]
unloaded       u_mon/acc_rate_q[8]
unloaded       u_mon/acc_rate_q[9]
unloaded       u_mon/acc_rate_q[10]
unloaded       u_mon/acc_rate_q[11]
unloaded       u_mon/acc_rate_q[12]
unloaded       u_mon/acc_rate_q[13]
unloaded       u_mon/acc_rate_q[14]
unloaded       u_mon/acc_rate_q[15]
unloaded       u_mon/acc_rate_q[16]
unloaded       u_mon/acc_rate_q[17]
unloaded       u_mon/acc_rate_q[18]
unloaded       u_mon/acc_rate_q[19]
unloaded       u_mon/acc_rate_q[20]
unloaded       u_mon/acc_rate_q[21]
unloaded       u_mon/acc_rate_q[22]
unloaded       u_mon/acc_rate_q[23]
unloaded       u_mon/acc_rate_q[24]
unloaded       u_mon/acc_rate_q[25]
unloaded       u_mon/acc_rate_q[26]
unloaded       u_mon/acc_rate_q[27]
unloaded       u_mon/acc_rate_q[28]
unloaded       u_mon/acc_rate_q[29]
unloaded       u_mon/acc_rate_q[30]
unloaded       u_mon/acc_rate_q[31]
unloaded       u_mon/mean_q[0]
unloaded       u_mon/mean_q[1]
unloaded       u_mon/mean_q[2]
unloaded       u_mon/mean_q[3]
unloaded       u_mon/mean_q[4]
unloaded       u_mon/mean_q[5]
unloaded       u_mon/mean_q[6]
unloaded       u_mon/mean_q[7]
unloaded       u_mon/mean_q[8]
unloaded       u_mon/mean_q[9]
unloaded       u_mon/mean_q[10]
unloaded       u_mon/mean_q[11]
unloaded       u_mon/mean_q[12]
unloaded       u_mon/mean_q[13]
unloaded       u_mon/mean_q[14]
unloaded       u_mon/mean_q[15]
unloaded       u_mon/mean_q[16]
unloaded       u_mon/mean_q[17]
unloaded       u_mon/mean_q[18]
unloaded       u_mon/mean_q[19]
unloaded       u_mon/mean_q[20]
unloaded       u_mon/mean_q[21]
unloaded       u_mon/mean_q[22]
unloaded       u_mon/mean_q[23]
unloaded       u_mon/mean_q[24]
unloaded       u_mon/mean_q[25]
unloaded       u_mon/mean_q[26]
unloaded       u_mon/mean_q[27]
unloaded       u_mon/mean_q[28]
unloaded       u_mon/mean_q[29]
unloaded       u_mon/mean_q[30]
unloaded       u_mon/mean_q[31]
constant 0     pre_id_reg[2]
constant 0     pre_id_reg[3]
constant 0     pre_id_reg[4]
constant 0     pre_id_reg[5]
constant 0     u_sens/reseed_q_reg
constant 0     u_sens/dist_bin_reg[0][5]
constant 0     u_sens/dist_bin_reg[0][6]
constant 0     u_sens/dist_bin_reg[0][7]
constant 0     u_sens/dist_bin_reg[1][5]
constant 0     u_sens/dist_bin_reg[1][6]
constant 0     u_sens/dist_bin_reg[1][7]
constant 0     u_sens/dist_bin_reg[2][5]
constant 0     u_sens/dist_bin_reg[2][6]
constant 0     u_sens/dist_bin_reg[2][7]
constant 0     u_dsp/pre_lat_reg[2]
constant 0     u_dsp/pre_lat_reg[3]
constant 0     u_dsp/pre_lat_reg[4]
constant 0     u_dsp/pre_lat_reg[5]
constant 0     u_dsp/u_adj/wbase_reg[3][0]
constant 0     u_dsp/u_adj/wbase_reg[3][1]
constant 0     u_dsp/u_adj/wbase_reg[3][2]
constant 0     u_dsp/u_adj/wbase_reg[3][3]
constant 0     u_dsp/u_adj/wbase_reg[3][4]
constant 0     u_dsp/u_adj/wbase_reg[3][5]
constant 1     u_dsp/u_adj/wbase_reg[3][6]
constant 0     u_dsp/u_adj/wbase_reg[3][7]
constant 0     u_dsp/u_adj/wbase_reg[3][8]
constant 0     u_dsp/u_adj/wbase_reg[3][9]
constant 0     u_dsp/u_adj/wbase_reg[3][10]
constant 0     u_dsp/u_adj/wbase_reg[3][11]
constant 0     u_dsp/u_adj/wbase_reg[3][12]
constant 0     u_dsp/u_adj/wbase_reg[3][13]
constant 0     u_dsp/u_adj/wbase_reg[3][14]
constant 0     u_dsp/u_adj/wbase_reg[3][15]
constant 0     u_dsp/u_adj/wbase_reg[2][0]
constant 0     u_dsp/u_adj/wbase_reg[2][1]
constant 0     u_dsp/u_adj/wbase_reg[2][2]
constant 0     u_dsp/u_adj/wbase_reg[2][3]
constant 0     u_dsp/u_adj/wbase_reg[2][4]
constant 0     u_dsp/u_adj/wbase_reg[2][5]
constant 1     u_dsp/u_adj/wbase_reg[2][6]
constant 0     u_dsp/u_adj/wbase_reg[2][7]
constant 0     u_dsp/u_adj/wbase_reg[2][8]
constant 0     u_dsp/u_adj/wbase_reg[2][9]
constant 0     u_dsp/u_adj/wbase_reg[2][10]
constant 0     u_dsp/u_adj/wbase_reg[2][11]
constant 0     u_dsp/u_adj/wbase_reg[2][12]
constant 0     u_dsp/u_adj/wbase_reg[2][13]
constant 0     u_dsp/u_adj/wbase_reg[2][14]
constant 0     u_dsp/u_adj/wbase_reg[2][15]
constant 0     u_dsp/u_adj/wbase_reg[1][0]
constant 0     u_dsp/u_adj/wbase_reg[1][1]
constant 0     u_dsp/u_adj/wbase_reg[1][2]
constant 0     u_dsp/u_adj/wbase_reg[1][3]
constant 0     u_dsp/u_adj/wbase_reg[1][4]
constant 0     u_dsp/u_adj/wbase_reg[1][5]
constant 1     u_dsp/u_adj/wbase_reg[1][6]
constant 0     u_dsp/u_adj/wbase_reg[1][7]
constant 0     u_dsp/u_adj/wbase_reg[1][8]
constant 0     u_dsp/u_adj/wbase_reg[1][9]
constant 0     u_dsp/u_adj/wbase_reg[1][10]
constant 0     u_dsp/u_adj/wbase_reg[1][11]
constant 0     u_dsp/u_adj/wbase_reg[1][12]
constant 0     u_dsp/u_adj/wbase_reg[1][13]
constant 0     u_dsp/u_adj/wbase_reg[1][14]
constant 0     u_dsp/u_adj/wbase_reg[1][15]
constant 0     u_dsp/u_adj/wbase_reg[0][0]
constant 0     u_dsp/u_adj/wbase_reg[0][1]
constant 0     u_dsp/u_adj/wbase_reg[0][2]
constant 0     u_dsp/u_adj/wbase_reg[0][3]
constant 0     u_dsp/u_adj/wbase_reg[0][4]
constant 0     u_dsp/u_adj/wbase_reg[0][5]
constant 1     u_dsp/u_adj/wbase_reg[0][6]
constant 0     u_dsp/u_adj/wbase_reg[0][7]
constant 0     u_dsp/u_adj/wbase_reg[0][8]
constant 0     u_dsp/u_adj/wbase_reg[0][9]
constant 0     u_dsp/u_adj/wbase_reg[0][10]
constant 0     u_dsp/u_adj/wbase_reg[0][11]
constant 0     u_dsp/u_adj/wbase_reg[0][12]
constant 0     u_dsp/u_adj/wbase_reg[0][13]
constant 0     u_dsp/u_adj/wbase_reg[0][14]
constant 0     u_dsp/u_adj/wbase_reg[0][15]
constant 0     u_mon/dbg_status_reg[16]
constant 0     u_mon/dbg_status_reg[17]
constant 0     u_mon/dbg_status_reg[18]
constant 0     u_mon/dbg_status_reg[19]
constant 0     u_mon/dbg_status_reg[20]
constant 0     u_mon/dbg_status_reg[21]
constant 0     u_mon/dbg_status_reg[22]
constant 0     u_mon/dbg_status_reg[23]
constant 0     u_mon/dbg_status_reg[24]
constant 0     u_mon/dbg_status_reg[25]
constant 0     u_mon/dbg_status_reg[26]
constant 0     u_mon/dbg_status_reg[27]
constant 0     u_mon/dbg_status_reg[28]
constant 0     u_mon/dbg_status_reg[29]
constant 0     u_mon/dbg_status_reg[30]
constant 0     u_mon/dbg_status_reg[31]
constant 0     u_mon/dopamine_o_reg[0]
constant 0     u_mon/dopamine_o_reg[1]
constant 0     u_mon/dopamine_o_reg[2]
constant 0     u_mon/dopamine_o_reg[3]
constant 0     u_mon/dopamine_o_reg[4]
constant 1     u_sens/ax_reg[2][0]
constant 1     u_sens/ax_reg[2][1]
constant 0     u_sens/ax_reg[2][2]
constant 1     u_sens/ax_reg[2][3]
constant 0     u_sens/ax_reg[2][4]
constant 0     u_sens/ax_reg[2][5]
constant 1     u_sens/ax_reg[2][6]
constant 0     u_sens/ax_reg[2][7]
constant 0     u_sens/ax_reg[2][8]
constant 0     u_sens/ax_reg[2][9]
constant 0     u_sens/ax_reg[2][10]
constant 0     u_sens/ax_reg[2][11]
constant 0     u_sens/ax_reg[2][12]
constant 0     u_sens/ax_reg[2][13]
constant 0     u_sens/ax_reg[2][14]
constant 0     u_sens/ax_reg[2][15]
constant 0     u_sens/ax_reg[1][0]
constant 0     u_sens/ax_reg[1][1]
constant 0     u_sens/ax_reg[1][2]
constant 0     u_sens/ax_reg[1][3]
constant 0     u_sens/ax_reg[1][4]
constant 0     u_sens/ax_reg[1][5]
constant 0     u_sens/ax_reg[1][6]
constant 0     u_sens/ax_reg[1][7]
constant 0     u_sens/ax_reg[1][8]
constant 0     u_sens/ax_reg[1][9]
constant 0     u_sens/ax_reg[1][10]
constant 0     u_sens/ax_reg[1][11]
constant 0     u_sens/ax_reg[1][12]
constant 0     u_sens/ax_reg[1][13]
constant 0     u_sens/ax_reg[1][14]
constant 0     u_sens/ax_reg[1][15]
constant 1     u_sens/ax_reg[0][0]
constant 0     u_sens/ax_reg[0][1]
constant 1     u_sens/ax_reg[0][2]
constant 0     u_sens/ax_reg[0][3]
constant 1     u_sens/ax_reg[0][4]
constant 1     u_sens/ax_reg[0][5]
constant 0     u_sens/ax_reg[0][6]
constant 1     u_sens/ax_reg[0][7]
constant 1     u_sens/ax_reg[0][8]
constant 1     u_sens/ax_reg[0][9]
constant 1     u_sens/ax_reg[0][10]
constant 1     u_sens/ax_reg[0][11]
constant 1     u_sens/ax_reg[0][12]
constant 1     u_sens/ax_reg[0][13]
constant 1     u_sens/ax_reg[0][14]
constant 1     u_sens/ax_reg[0][15]
constant 1     u_sens/ay_reg[2][0]
constant 0     u_sens/ay_reg[2][1]
constant 0     u_sens/ay_reg[2][2]
constant 1     u_sens/ay_reg[2][3]
constant 1     u_sens/ay_reg[2][4]
constant 0     u_sens/ay_reg[2][5]
constant 0     u_sens/ay_reg[2][6]
constant 0     u_sens/ay_reg[2][7]
constant 0     u_sens/ay_reg[2][8]
constant 0     u_sens/ay_reg[2][9]
constant 0     u_sens/ay_reg[2][10]
constant 0     u_sens/ay_reg[2][11]
constant 0     u_sens/ay_reg[2][12]
constant 0     u_sens/ay_reg[2][13]
constant 0     u_sens/ay_reg[2][14]
constant 0     u_sens/ay_reg[2][15]
constant 1     u_sens/ay_reg[1][0]
constant 1     u_sens/ay_reg[1][1]
constant 1     u_sens/ay_reg[1][2]
constant 0     u_sens/ay_reg[1][3]
constant 0     u_sens/ay_reg[1][4]
constant 1     u_sens/ay_reg[1][5]
constant 1     u_sens/ay_reg[1][6]
constant 1     u_sens/ay_reg[1][7]
constant 1     u_sens/ay_reg[1][8]
constant 1     u_sens/ay_reg[1][9]
constant 1     u_sens/ay_reg[1][10]
constant 1     u_sens/ay_reg[1][11]
constant 1     u_sens/ay_reg[1][12]
constant 1     u_sens/ay_reg[1][13]
constant 1     u_sens/ay_reg[1][14]
constant 1     u_sens/ay_reg[1][15]
constant 1     u_sens/ay_reg[0][0]
constant 0     u_sens/ay_reg[0][1]
constant 1     u_sens/ay_reg[0][2]
constant 0     u_sens/ay_reg[0][3]
constant 1     u_sens/ay_reg[0][4]
constant 1     u_sens/ay_reg[0][5]
constant 0     u_sens/ay_reg[0][6]
constant 1     u_sens/ay_reg[0][7]
constant 1     u_sens/ay_reg[0][8]
constant 1     u_sens/ay_reg[0][9]
constant 1     u_sens/ay_reg[0][10]
constant 1     u_sens/ay_reg[0][11]
constant 1     u_sens/ay_reg[0][12]
constant 1     u_sens/ay_reg[0][13]
constant 1     u_sens/ay_reg[0][14]
constant 1     u_sens/ay_reg[0][15]
constant 0     u_sens/rate_bin_reg[0][7]
constant 0     u_sens/rate_bin_reg[1][7]
constant 0     u_sens/rate_bin_reg[2][7]
constant 0     u_mon/G_RATE[62].u_lp/rate_o_reg[0]
constant 0     u_mon/G_RATE[62].u_lp/rate_o_reg[3]
constant 0     u_mon/G_RATE[62].u_lp/rate_o_reg[5]
constant 0     u_mon/G_RATE[62].u_lp/rate_o_reg[7]
constant 0     u_mon/G_RATE[62].u_lp/rate_o_reg[9]
constant 0     u_mon/G_RATE[62].u_lp/rate_o_reg[11]
constant 0     u_mon/G_RATE[62].u_lp/rate_o_reg[12]
constant 0     u_mon/G_RATE[62].u_lp/rate_o_reg[13]
constant 0     u_mon/G_RATE[62].u_lp/rate_o_reg[15]
constant 0     u_mon/G_RATE[62].u_lp/rate_o_reg[14]
constant 0     u_mon/G_RATE[62].u_lp/rate_o_reg[10]
constant 0     u_mon/G_RATE[62].u_lp/rate_o_reg[8]
constant 0     u_mon/G_RATE[62].u_lp/rate_o_reg[6]
constant 0     u_mon/G_RATE[62].u_lp/rate_o_reg[4]
constant 0     u_mon/G_RATE[62].u_lp/rate_o_reg[2]
constant 0     u_mon/G_RATE[62].u_lp/rate_o_reg[1]
constant 0     u_mon/G_RATE[61].u_lp/rate_o_reg[0]
constant 0     u_mon/G_RATE[61].u_lp/rate_o_reg[3]
constant 0     u_mon/G_RATE[61].u_lp/rate_o_reg[5]
constant 0     u_mon/G_RATE[61].u_lp/rate_o_reg[7]
constant 0     u_mon/G_RATE[61].u_lp/rate_o_reg[9]
constant 0     u_mon/G_RATE[61].u_lp/rate_o_reg[11]
constant 0     u_mon/G_RATE[61].u_lp/rate_o_reg[12]
constant 0     u_mon/G_RATE[61].u_lp/rate_o_reg[13]
constant 0     u_mon/G_RATE[61].u_lp/rate_o_reg[15]
constant 0     u_mon/G_RATE[61].u_lp/rate_o_reg[14]
constant 0     u_mon/G_RATE[61].u_lp/rate_o_reg[10]
constant 0     u_mon/G_RATE[61].u_lp/rate_o_reg[8]
constant 0     u_mon/G_RATE[61].u_lp/rate_o_reg[6]
constant 0     u_mon/G_RATE[61].u_lp/rate_o_reg[4]
constant 0     u_mon/G_RATE[61].u_lp/rate_o_reg[2]
constant 0     u_mon/G_RATE[61].u_lp/rate_o_reg[1]
constant 0     u_mon/G_RATE[60].u_lp/rate_o_reg[0]
constant 0     u_mon/G_RATE[60].u_lp/rate_o_reg[3]
constant 0     u_mon/G_RATE[60].u_lp/rate_o_reg[5]
constant 0     u_mon/G_RATE[60].u_lp/rate_o_reg[7]
constant 0     u_mon/G_RATE[60].u_lp/rate_o_reg[9]
constant 0     u_mon/G_RATE[60].u_lp/rate_o_reg[11]
constant 0     u_mon/G_RATE[60].u_lp/rate_o_reg[12]
constant 0     u_mon/G_RATE[60].u_lp/rate_o_reg[13]
constant 0     u_mon/G_RATE[60].u_lp/rate_o_reg[15]
constant 0     u_mon/G_RATE[60].u_lp/rate_o_reg[14]
constant 0     u_mon/G_RATE[60].u_lp/rate_o_reg[10]
constant 0     u_mon/G_RATE[60].u_lp/rate_o_reg[8]
constant 0     u_mon/G_RATE[60].u_lp/rate_o_reg[6]
constant 0     u_mon/G_RATE[60].u_lp/rate_o_reg[4]
constant 0     u_mon/G_RATE[60].u_lp/rate_o_reg[2]
constant 0     u_mon/G_RATE[60].u_lp/rate_o_reg[1]
constant 0     u_mon/G_RATE[59].u_lp/rate_o_reg[0]
constant 0     u_mon/G_RATE[59].u_lp/rate_o_reg[3]
constant 0     u_mon/G_RATE[59].u_lp/rate_o_reg[5]
constant 0     u_mon/G_RATE[59].u_lp/rate_o_reg[7]
constant 0     u_mon/G_RATE[59].u_lp/rate_o_reg[9]
constant 0     u_mon/G_RATE[59].u_lp/rate_o_reg[11]
constant 0     u_mon/G_RATE[59].u_lp/rate_o_reg[12]
constant 0     u_mon/G_RATE[59].u_lp/rate_o_reg[13]
constant 0     u_mon/G_RATE[59].u_lp/rate_o_reg[15]
constant 0     u_mon/G_RATE[59].u_lp/rate_o_reg[14]
constant 0     u_mon/G_RATE[59].u_lp/rate_o_reg[10]
constant 0     u_mon/G_RATE[59].u_lp/rate_o_reg[8]
constant 0     u_mon/G_RATE[59].u_lp/rate_o_reg[6]
constant 0     u_mon/G_RATE[59].u_lp/rate_o_reg[4]
constant 0     u_mon/G_RATE[59].u_lp/rate_o_reg[2]
constant 0     u_mon/G_RATE[59].u_lp/rate_o_reg[1]
constant 0     u_mon/G_RATE[58].u_lp/rate_o_reg[0]
constant 0     u_mon/G_RATE[58].u_lp/rate_o_reg[3]
constant 0     u_mon/G_RATE[58].u_lp/rate_o_reg[5]
constant 0     u_mon/G_RATE[58].u_lp/rate_o_reg[7]
constant 0     u_mon/G_RATE[58].u_lp/rate_o_reg[9]
constant 0     u_mon/G_RATE[58].u_lp/rate_o_reg[11]
constant 0     u_mon/G_RATE[58].u_lp/rate_o_reg[12]
constant 0     u_mon/G_RATE[58].u_lp/rate_o_reg[13]
constant 0     u_mon/G_RATE[58].u_lp/rate_o_reg[15]
constant 0     u_mon/G_RATE[58].u_lp/rate_o_reg[14]
constant 0     u_mon/G_RATE[58].u_lp/rate_o_reg[10]
constant 0     u_mon/G_RATE[58].u_lp/rate_o_reg[8]
constant 0     u_mon/G_RATE[58].u_lp/rate_o_reg[6]
constant 0     u_mon/G_RATE[58].u_lp/rate_o_reg[4]
constant 0     u_mon/G_RATE[58].u_lp/rate_o_reg[2]
constant 0     u_mon/G_RATE[58].u_lp/rate_o_reg[1]
constant 0     u_mon/G_RATE[57].u_lp/rate_o_reg[0]
constant 0     u_mon/G_RATE[57].u_lp/rate_o_reg[3]
constant 0     u_mon/G_RATE[57].u_lp/rate_o_reg[5]
constant 0     u_mon/G_RATE[57].u_lp/rate_o_reg[7]
constant 0     u_mon/G_RATE[57].u_lp/rate_o_reg[9]
constant 0     u_mon/G_RATE[57].u_lp/rate_o_reg[11]
constant 0     u_mon/G_RATE[57].u_lp/rate_o_reg[12]
constant 0     u_mon/G_RATE[57].u_lp/rate_o_reg[13]
constant 0     u_mon/G_RATE[57].u_lp/rate_o_reg[15]
constant 0     u_mon/G_RATE[57].u_lp/rate_o_reg[14]
constant 0     u_mon/G_RATE[57].u_lp/rate_o_reg[10]
constant 0     u_mon/G_RATE[57].u_lp/rate_o_reg[8]
constant 0     u_mon/G_RATE[57].u_lp/rate_o_reg[6]
constant 0     u_mon/G_RATE[57].u_lp/rate_o_reg[4]
constant 0     u_mon/G_RATE[57].u_lp/rate_o_reg[2]
constant 0     u_mon/G_RATE[57].u_lp/rate_o_reg[1]
constant 0     u_mon/G_RATE[56].u_lp/rate_o_reg[0]
constant 0     u_mon/G_RATE[56].u_lp/rate_o_reg[3]
constant 0     u_mon/G_RATE[56].u_lp/rate_o_reg[5]
constant 0     u_mon/G_RATE[56].u_lp/rate_o_reg[7]
constant 0     u_mon/G_RATE[56].u_lp/rate_o_reg[9]
constant 0     u_mon/G_RATE[56].u_lp/rate_o_reg[11]
constant 0     u_mon/G_RATE[56].u_lp/rate_o_reg[12]
constant 0     u_mon/G_RATE[56].u_lp/rate_o_reg[13]
constant 0     u_mon/G_RATE[56].u_lp/rate_o_reg[15]
constant 0     u_mon/G_RATE[56].u_lp/rate_o_reg[14]
constant 0     u_mon/G_RATE[56].u_lp/rate_o_reg[10]
constant 0     u_mon/G_RATE[56].u_lp/rate_o_reg[8]
constant 0     u_mon/G_RATE[56].u_lp/rate_o_reg[6]
constant 0     u_mon/G_RATE[56].u_lp/rate_o_reg[4]
constant 0     u_mon/G_RATE[56].u_lp/rate_o_reg[2]
constant 0     u_mon/G_RATE[56].u_lp/rate_o_reg[1]
constant 0     u_mon/G_RATE[55].u_lp/rate_o_reg[0]
constant 0     u_mon/G_RATE[55].u_lp/rate_o_reg[3]
constant 0     u_mon/G_RATE[55].u_lp/rate_o_reg[5]
constant 0     u_mon/G_RATE[55].u_lp/rate_o_reg[7]
constant 0     u_mon/G_RATE[55].u_lp/rate_o_reg[9]
constant 0     u_mon/G_RATE[55].u_lp/rate_o_reg[11]
constant 0     u_mon/G_RATE[55].u_lp/rate_o_reg[12]
constant 0     u_mon/G_RATE[55].u_lp/rate_o_reg[13]
constant 0     u_mon/G_RATE[55].u_lp/rate_o_reg[15]
constant 0     u_mon/G_RATE[55].u_lp/rate_o_reg[14]
constant 0     u_mon/G_RATE[55].u_lp/rate_o_reg[10]
constant 0     u_mon/G_RATE[55].u_lp/rate_o_reg[8]
constant 0     u_mon/G_RATE[55].u_lp/rate_o_reg[6]
constant 0     u_mon/G_RATE[55].u_lp/rate_o_reg[4]
constant 0     u_mon/G_RATE[55].u_lp/rate_o_reg[2]
constant 0     u_mon/G_RATE[55].u_lp/rate_o_reg[1]
constant 0     u_mon/G_RATE[54].u_lp/rate_o_reg[0]
constant 0     u_mon/G_RATE[54].u_lp/rate_o_reg[3]
constant 0     u_mon/G_RATE[54].u_lp/rate_o_reg[5]
constant 0     u_mon/G_RATE[54].u_lp/rate_o_reg[7]
constant 0     u_mon/G_RATE[54].u_lp/rate_o_reg[9]
constant 0     u_mon/G_RATE[54].u_lp/rate_o_reg[11]
constant 0     u_mon/G_RATE[54].u_lp/rate_o_reg[12]
constant 0     u_mon/G_RATE[54].u_lp/rate_o_reg[13]
constant 0     u_mon/G_RATE[54].u_lp/rate_o_reg[15]
constant 0     u_mon/G_RATE[54].u_lp/rate_o_reg[14]
constant 0     u_mon/G_RATE[54].u_lp/rate_o_reg[10]
constant 0     u_mon/G_RATE[54].u_lp/rate_o_reg[8]
constant 0     u_mon/G_RATE[54].u_lp/rate_o_reg[6]
constant 0     u_mon/G_RATE[54].u_lp/rate_o_reg[4]
constant 0     u_mon/G_RATE[54].u_lp/rate_o_reg[2]
constant 0     u_mon/G_RATE[54].u_lp/rate_o_reg[1]
constant 0     u_mon/G_RATE[53].u_lp/rate_o_reg[0]
constant 0     u_mon/G_RATE[53].u_lp/rate_o_reg[3]
constant 0     u_mon/G_RATE[53].u_lp/rate_o_reg[5]
constant 0     u_mon/G_RATE[53].u_lp/rate_o_reg[7]
constant 0     u_mon/G_RATE[53].u_lp/rate_o_reg[9]
constant 0     u_mon/G_RATE[53].u_lp/rate_o_reg[11]
constant 0     u_mon/G_RATE[53].u_lp/rate_o_reg[12]
constant 0     u_mon/G_RATE[53].u_lp/rate_o_reg[13]
constant 0     u_mon/G_RATE[53].u_lp/rate_o_reg[15]
constant 0     u_mon/G_RATE[53].u_lp/rate_o_reg[14]
constant 0     u_mon/G_RATE[53].u_lp/rate_o_reg[10]
constant 0     u_mon/G_RATE[53].u_lp/rate_o_reg[8]
constant 0     u_mon/G_RATE[53].u_lp/rate_o_reg[6]
constant 0     u_mon/G_RATE[53].u_lp/rate_o_reg[4]
constant 0     u_mon/G_RATE[53].u_lp/rate_o_reg[2]
constant 0     u_mon/G_RATE[53].u_lp/rate_o_reg[1]
constant 0     u_mon/G_RATE[52].u_lp/rate_o_reg[0]
constant 0     u_mon/G_RATE[52].u_lp/rate_o_reg[3]
constant 0     u_mon/G_RATE[52].u_lp/rate_o_reg[5]
constant 0     u_mon/G_RATE[52].u_lp/rate_o_reg[7]
constant 0     u_mon/G_RATE[52].u_lp/rate_o_reg[9]
constant 0     u_mon/G_RATE[52].u_lp/rate_o_reg[11]
constant 0     u_mon/G_RATE[52].u_lp/rate_o_reg[12]
constant 0     u_mon/G_RATE[52].u_lp/rate_o_reg[13]
constant 0     u_mon/G_RATE[52].u_lp/rate_o_reg[15]
constant 0     u_mon/G_RATE[52].u_lp/rate_o_reg[14]
constant 0     u_mon/G_RATE[52].u_lp/rate_o_reg[10]
constant 0     u_mon/G_RATE[52].u_lp/rate_o_reg[8]
constant 0     u_mon/G_RATE[52].u_lp/rate_o_reg[6]
constant 0     u_mon/G_RATE[52].u_lp/rate_o_reg[4]
constant 0     u_mon/G_RATE[52].u_lp/rate_o_reg[2]
constant 0     u_mon/G_RATE[52].u_lp/rate_o_reg[1]
constant 0     u_mon/G_RATE[51].u_lp/rate_o_reg[0]
constant 0     u_mon/G_RATE[51].u_lp/rate_o_reg[3]
constant 0     u_mon/G_RATE[51].u_lp/rate_o_reg[5]
constant 0     u_mon/G_RATE[51].u_lp/rate_o_reg[7]
constant 0     u_mon/G_RATE[51].u_lp/rate_o_reg[9]
constant 0     u_mon/G_RATE[51].u_lp/rate_o_reg[11]
constant 0     u_mon/G_RATE[51].u_lp/rate_o_reg[12]
constant 0     u_mon/G_RATE[51].u_lp/rate_o_reg[13]
constant 0     u_mon/G_RATE[51].u_lp/rate_o_reg[15]
constant 0     u_mon/G_RATE[51].u_lp/rate_o_reg[14]
constant 0     u_mon/G_RATE[51].u_lp/rate_o_reg[10]
constant 0     u_mon/G_RATE[51].u_lp/rate_o_reg[8]
constant 0     u_mon/G_RATE[51].u_lp/rate_o_reg[6]
constant 0     u_mon/G_RATE[51].u_lp/rate_o_reg[4]
constant 0     u_mon/G_RATE[51].u_lp/rate_o_reg[2]
constant 0     u_mon/G_RATE[51].u_lp/rate_o_reg[1]
constant 0     u_mon/G_RATE[50].u_lp/rate_o_reg[0]
constant 0     u_mon/G_RATE[50].u_lp/rate_o_reg[3]
constant 0     u_mon/G_RATE[50].u_lp/rate_o_reg[5]
constant 0     u_mon/G_RATE[50].u_lp/rate_o_reg[7]
constant 0     u_mon/G_RATE[50].u_lp/rate_o_reg[9]
constant 0     u_mon/G_RATE[50].u_lp/rate_o_reg[11]
constant 0     u_mon/G_RATE[50].u_lp/rate_o_reg[12]
constant 0     u_mon/G_RATE[50].u_lp/rate_o_reg[13]
constant 0     u_mon/G_RATE[50].u_lp/rate_o_reg[15]
constant 0     u_mon/G_RATE[50].u_lp/rate_o_reg[14]
constant 0     u_mon/G_RATE[50].u_lp/rate_o_reg[10]
constant 0     u_mon/G_RATE[50].u_lp/rate_o_reg[8]
constant 0     u_mon/G_RATE[50].u_lp/rate_o_reg[6]
constant 0     u_mon/G_RATE[50].u_lp/rate_o_reg[4]
constant 0     u_mon/G_RATE[50].u_lp/rate_o_reg[2]
constant 0     u_mon/G_RATE[50].u_lp/rate_o_reg[1]
constant 0     u_mon/G_RATE[49].u_lp/rate_o_reg[0]
constant 0     u_mon/G_RATE[49].u_lp/rate_o_reg[3]
constant 0     u_mon/G_RATE[49].u_lp/rate_o_reg[5]
constant 0     u_mon/G_RATE[49].u_lp/rate_o_reg[7]
constant 0     u_mon/G_RATE[49].u_lp/rate_o_reg[9]
constant 0     u_mon/G_RATE[49].u_lp/rate_o_reg[11]
constant 0     u_mon/G_RATE[49].u_lp/rate_o_reg[12]
constant 0     u_mon/G_RATE[49].u_lp/rate_o_reg[13]
constant 0     u_mon/G_RATE[49].u_lp/rate_o_reg[15]
constant 0     u_mon/G_RATE[49].u_lp/rate_o_reg[14]
constant 0     u_mon/G_RATE[49].u_lp/rate_o_reg[10]
constant 0     u_mon/G_RATE[49].u_lp/rate_o_reg[8]
constant 0     u_mon/G_RATE[49].u_lp/rate_o_reg[6]
constant 0     u_mon/G_RATE[49].u_lp/rate_o_reg[4]
constant 0     u_mon/G_RATE[49].u_lp/rate_o_reg[2]
constant 0     u_mon/G_RATE[49].u_lp/rate_o_reg[1]
constant 0     u_mon/G_RATE[48].u_lp/rate_o_reg[0]
constant 0     u_mon/G_RATE[48].u_lp/rate_o_reg[3]
constant 0     u_mon/G_RATE[48].u_lp/rate_o_reg[5]
constant 0     u_mon/G_RATE[48].u_lp/rate_o_reg[7]
constant 0     u_mon/G_RATE[48].u_lp/rate_o_reg[9]
constant 0     u_mon/G_RATE[48].u_lp/rate_o_reg[11]
constant 0     u_mon/G_RATE[48].u_lp/rate_o_reg[12]
constant 0     u_mon/G_RATE[48].u_lp/rate_o_reg[13]
constant 0     u_mon/G_RATE[48].u_lp/rate_o_reg[15]
constant 0     u_mon/G_RATE[48].u_lp/rate_o_reg[14]
constant 0     u_mon/G_RATE[48].u_lp/rate_o_reg[10]
constant 0     u_mon/G_RATE[48].u_lp/rate_o_reg[8]
constant 0     u_mon/G_RATE[48].u_lp/rate_o_reg[6]
constant 0     u_mon/G_RATE[48].u_lp/rate_o_reg[4]
constant 0     u_mon/G_RATE[48].u_lp/rate_o_reg[2]
constant 0     u_mon/G_RATE[48].u_lp/rate_o_reg[1]
constant 0     u_mon/G_RATE[47].u_lp/rate_o_reg[0]
constant 0     u_mon/G_RATE[47].u_lp/rate_o_reg[3]
constant 0     u_mon/G_RATE[47].u_lp/rate_o_reg[5]
constant 0     u_mon/G_RATE[47].u_lp/rate_o_reg[7]
constant 0     u_mon/G_RATE[47].u_lp/rate_o_reg[9]
constant 0     u_mon/G_RATE[47].u_lp/rate_o_reg[11]
constant 0     u_mon/G_RATE[47].u_lp/rate_o_reg[12]
constant 0     u_mon/G_RATE[47].u_lp/rate_o_reg[13]
constant 0     u_mon/G_RATE[47].u_lp/rate_o_reg[15]
constant 0     u_mon/G_RATE[47].u_lp/rate_o_reg[14]
constant 0     u_mon/G_RATE[47].u_lp/rate_o_reg[10]
constant 0     u_mon/G_RATE[47].u_lp/rate_o_reg[8]
constant 0     u_mon/G_RATE[47].u_lp/rate_o_reg[6]
constant 0     u_mon/G_RATE[47].u_lp/rate_o_reg[4]
constant 0     u_mon/G_RATE[47].u_lp/rate_o_reg[2]
constant 0     u_mon/G_RATE[47].u_lp/rate_o_reg[1]
constant 0     u_mon/G_RATE[46].u_lp/rate_o_reg[0]
constant 0     u_mon/G_RATE[46].u_lp/rate_o_reg[3]
constant 0     u_mon/G_RATE[46].u_lp/rate_o_reg[5]
constant 0     u_mon/G_RATE[46].u_lp/rate_o_reg[7]
constant 0     u_mon/G_RATE[46].u_lp/rate_o_reg[9]
constant 0     u_mon/G_RATE[46].u_lp/rate_o_reg[11]
constant 0     u_mon/G_RATE[46].u_lp/rate_o_reg[12]
constant 0     u_mon/G_RATE[46].u_lp/rate_o_reg[13]
constant 0     u_mon/G_RATE[46].u_lp/rate_o_reg[15]
constant 0     u_mon/G_RATE[46].u_lp/rate_o_reg[14]
constant 0     u_mon/G_RATE[46].u_lp/rate_o_reg[10]
constant 0     u_mon/G_RATE[46].u_lp/rate_o_reg[8]
constant 0     u_mon/G_RATE[46].u_lp/rate_o_reg[6]
constant 0     u_mon/G_RATE[46].u_lp/rate_o_reg[4]
constant 0     u_mon/G_RATE[46].u_lp/rate_o_reg[2]
constant 0     u_mon/G_RATE[46].u_lp/rate_o_reg[1]
constant 0     u_mon/G_RATE[45].u_lp/rate_o_reg[0]
constant 0     u_mon/G_RATE[45].u_lp/rate_o_reg[3]
constant 0     u_mon/G_RATE[45].u_lp/rate_o_reg[5]
constant 0     u_mon/G_RATE[45].u_lp/rate_o_reg[7]
constant 0     u_mon/G_RATE[45].u_lp/rate_o_reg[9]
constant 0     u_mon/G_RATE[45].u_lp/rate_o_reg[11]
constant 0     u_mon/G_RATE[45].u_lp/rate_o_reg[12]
constant 0     u_mon/G_RATE[45].u_lp/rate_o_reg[13]
constant 0     u_mon/G_RATE[45].u_lp/rate_o_reg[15]
constant 0     u_mon/G_RATE[45].u_lp/rate_o_reg[14]
constant 0     u_mon/G_RATE[45].u_lp/rate_o_reg[10]
constant 0     u_mon/G_RATE[45].u_lp/rate_o_reg[8]
constant 0     u_mon/G_RATE[45].u_lp/rate_o_reg[6]
constant 0     u_mon/G_RATE[45].u_lp/rate_o_reg[4]
constant 0     u_mon/G_RATE[45].u_lp/rate_o_reg[2]
constant 0     u_mon/G_RATE[45].u_lp/rate_o_reg[1]
constant 0     u_mon/G_RATE[44].u_lp/rate_o_reg[0]
constant 0     u_mon/G_RATE[44].u_lp/rate_o_reg[3]
constant 0     u_mon/G_RATE[44].u_lp/rate_o_reg[5]
constant 0     u_mon/G_RATE[44].u_lp/rate_o_reg[7]
constant 0     u_mon/G_RATE[44].u_lp/rate_o_reg[9]
constant 0     u_mon/G_RATE[44].u_lp/rate_o_reg[11]
constant 0     u_mon/G_RATE[44].u_lp/rate_o_reg[12]
constant 0     u_mon/G_RATE[44].u_lp/rate_o_reg[13]
constant 0     u_mon/G_RATE[44].u_lp/rate_o_reg[15]
constant 0     u_mon/G_RATE[44].u_lp/rate_o_reg[14]
constant 0     u_mon/G_RATE[44].u_lp/rate_o_reg[10]
constant 0     u_mon/G_RATE[44].u_lp/rate_o_reg[8]
constant 0     u_mon/G_RATE[44].u_lp/rate_o_reg[6]
constant 0     u_mon/G_RATE[44].u_lp/rate_o_reg[4]
constant 0     u_mon/G_RATE[44].u_lp/rate_o_reg[2]
constant 0     u_mon/G_RATE[44].u_lp/rate_o_reg[1]
constant 0     u_mon/G_RATE[43].u_lp/rate_o_reg[0]
constant 0     u_mon/G_RATE[43].u_lp/rate_o_reg[3]
constant 0     u_mon/G_RATE[43].u_lp/rate_o_reg[5]
constant 0     u_mon/G_RATE[43].u_lp/rate_o_reg[7]
constant 0     u_mon/G_RATE[43].u_lp/rate_o_reg[9]
constant 0     u_mon/G_RATE[43].u_lp/rate_o_reg[11]
constant 0     u_mon/G_RATE[43].u_lp/rate_o_reg[12]
constant 0     u_mon/G_RATE[43].u_lp/rate_o_reg[13]
constant 0     u_mon/G_RATE[43].u_lp/rate_o_reg[15]
constant 0     u_mon/G_RATE[43].u_lp/rate_o_reg[14]
constant 0     u_mon/G_RATE[43].u_lp/rate_o_reg[10]
constant 0     u_mon/G_RATE[43].u_lp/rate_o_reg[8]
constant 0     u_mon/G_RATE[43].u_lp/rate_o_reg[6]
constant 0     u_mon/G_RATE[43].u_lp/rate_o_reg[4]
constant 0     u_mon/G_RATE[43].u_lp/rate_o_reg[2]
constant 0     u_mon/G_RATE[43].u_lp/rate_o_reg[1]
constant 0     u_mon/G_RATE[42].u_lp/rate_o_reg[0]
constant 0     u_mon/G_RATE[42].u_lp/rate_o_reg[3]
constant 0     u_mon/G_RATE[42].u_lp/rate_o_reg[5]
constant 0     u_mon/G_RATE[42].u_lp/rate_o_reg[7]
constant 0     u_mon/G_RATE[42].u_lp/rate_o_reg[9]
constant 0     u_mon/G_RATE[42].u_lp/rate_o_reg[11]
constant 0     u_mon/G_RATE[42].u_lp/rate_o_reg[12]
constant 0     u_mon/G_RATE[42].u_lp/rate_o_reg[13]
constant 0     u_mon/G_RATE[42].u_lp/rate_o_reg[15]
constant 0     u_mon/G_RATE[42].u_lp/rate_o_reg[14]
constant 0     u_mon/G_RATE[42].u_lp/rate_o_reg[10]
constant 0     u_mon/G_RATE[42].u_lp/rate_o_reg[8]
constant 0     u_mon/G_RATE[42].u_lp/rate_o_reg[6]
constant 0     u_mon/G_RATE[42].u_lp/rate_o_reg[4]
constant 0     u_mon/G_RATE[42].u_lp/rate_o_reg[2]
constant 0     u_mon/G_RATE[42].u_lp/rate_o_reg[1]
constant 0     u_mon/G_RATE[41].u_lp/rate_o_reg[0]
constant 0     u_mon/G_RATE[41].u_lp/rate_o_reg[3]
constant 0     u_mon/G_RATE[41].u_lp/rate_o_reg[5]
constant 0     u_mon/G_RATE[41].u_lp/rate_o_reg[7]
constant 0     u_mon/G_RATE[41].u_lp/rate_o_reg[9]
constant 0     u_mon/G_RATE[41].u_lp/rate_o_reg[11]
constant 0     u_mon/G_RATE[41].u_lp/rate_o_reg[12]
constant 0     u_mon/G_RATE[41].u_lp/rate_o_reg[13]
constant 0     u_mon/G_RATE[41].u_lp/rate_o_reg[15]
constant 0     u_mon/G_RATE[41].u_lp/rate_o_reg[14]
constant 0     u_mon/G_RATE[41].u_lp/rate_o_reg[10]
constant 0     u_mon/G_RATE[41].u_lp/rate_o_reg[8]
constant 0     u_mon/G_RATE[41].u_lp/rate_o_reg[6]
constant 0     u_mon/G_RATE[41].u_lp/rate_o_reg[4]
constant 0     u_mon/G_RATE[41].u_lp/rate_o_reg[2]
constant 0     u_mon/G_RATE[41].u_lp/rate_o_reg[1]
constant 0     u_mon/G_RATE[40].u_lp/rate_o_reg[0]
constant 0     u_mon/G_RATE[40].u_lp/rate_o_reg[3]
constant 0     u_mon/G_RATE[40].u_lp/rate_o_reg[5]
constant 0     u_mon/G_RATE[40].u_lp/rate_o_reg[7]
constant 0     u_mon/G_RATE[40].u_lp/rate_o_reg[9]
constant 0     u_mon/G_RATE[40].u_lp/rate_o_reg[11]
constant 0     u_mon/G_RATE[40].u_lp/rate_o_reg[12]
constant 0     u_mon/G_RATE[40].u_lp/rate_o_reg[13]
constant 0     u_mon/G_RATE[40].u_lp/rate_o_reg[15]
constant 0     u_mon/G_RATE[40].u_lp/rate_o_reg[14]
constant 0     u_mon/G_RATE[40].u_lp/rate_o_reg[10]
constant 0     u_mon/G_RATE[40].u_lp/rate_o_reg[8]
constant 0     u_mon/G_RATE[40].u_lp/rate_o_reg[6]
constant 0     u_mon/G_RATE[40].u_lp/rate_o_reg[4]
constant 0     u_mon/G_RATE[40].u_lp/rate_o_reg[2]
constant 0     u_mon/G_RATE[40].u_lp/rate_o_reg[1]
constant 0     u_mon/G_RATE[39].u_lp/rate_o_reg[0]
constant 0     u_mon/G_RATE[39].u_lp/rate_o_reg[3]
constant 0     u_mon/G_RATE[39].u_lp/rate_o_reg[5]
constant 0     u_mon/G_RATE[39].u_lp/rate_o_reg[7]
constant 0     u_mon/G_RATE[39].u_lp/rate_o_reg[9]
constant 0     u_mon/G_RATE[39].u_lp/rate_o_reg[11]
constant 0     u_mon/G_RATE[39].u_lp/rate_o_reg[12]
constant 0     u_mon/G_RATE[39].u_lp/rate_o_reg[13]
constant 0     u_mon/G_RATE[39].u_lp/rate_o_reg[15]
constant 0     u_mon/G_RATE[39].u_lp/rate_o_reg[14]
constant 0     u_mon/G_RATE[39].u_lp/rate_o_reg[10]
constant 0     u_mon/G_RATE[39].u_lp/rate_o_reg[8]
constant 0     u_mon/G_RATE[39].u_lp/rate_o_reg[6]
constant 0     u_mon/G_RATE[39].u_lp/rate_o_reg[4]
constant 0     u_mon/G_RATE[39].u_lp/rate_o_reg[2]
constant 0     u_mon/G_RATE[39].u_lp/rate_o_reg[1]
constant 0     u_mon/G_RATE[38].u_lp/rate_o_reg[0]
constant 0     u_mon/G_RATE[38].u_lp/rate_o_reg[3]
constant 0     u_mon/G_RATE[38].u_lp/rate_o_reg[5]
constant 0     u_mon/G_RATE[38].u_lp/rate_o_reg[7]
constant 0     u_mon/G_RATE[38].u_lp/rate_o_reg[9]
constant 0     u_mon/G_RATE[38].u_lp/rate_o_reg[11]
constant 0     u_mon/G_RATE[38].u_lp/rate_o_reg[12]
constant 0     u_mon/G_RATE[38].u_lp/rate_o_reg[13]
constant 0     u_mon/G_RATE[38].u_lp/rate_o_reg[15]
constant 0     u_mon/G_RATE[38].u_lp/rate_o_reg[14]
constant 0     u_mon/G_RATE[38].u_lp/rate_o_reg[10]
constant 0     u_mon/G_RATE[38].u_lp/rate_o_reg[8]
constant 0     u_mon/G_RATE[38].u_lp/rate_o_reg[6]
constant 0     u_mon/G_RATE[38].u_lp/rate_o_reg[4]
constant 0     u_mon/G_RATE[38].u_lp/rate_o_reg[2]
constant 0     u_mon/G_RATE[38].u_lp/rate_o_reg[1]
constant 0     u_mon/G_RATE[37].u_lp/rate_o_reg[0]
constant 0     u_mon/G_RATE[37].u_lp/rate_o_reg[3]
constant 0     u_mon/G_RATE[37].u_lp/rate_o_reg[5]
constant 0     u_mon/G_RATE[37].u_lp/rate_o_reg[7]
constant 0     u_mon/G_RATE[37].u_lp/rate_o_reg[9]
constant 0     u_mon/G_RATE[37].u_lp/rate_o_reg[11]
constant 0     u_mon/G_RATE[37].u_lp/rate_o_reg[12]
constant 0     u_mon/G_RATE[37].u_lp/rate_o_reg[13]
constant 0     u_mon/G_RATE[37].u_lp/rate_o_reg[15]
constant 0     u_mon/G_RATE[37].u_lp/rate_o_reg[14]
constant 0     u_mon/G_RATE[37].u_lp/rate_o_reg[10]
constant 0     u_mon/G_RATE[37].u_lp/rate_o_reg[8]
constant 0     u_mon/G_RATE[37].u_lp/rate_o_reg[6]
constant 0     u_mon/G_RATE[37].u_lp/rate_o_reg[4]
constant 0     u_mon/G_RATE[37].u_lp/rate_o_reg[2]
constant 0     u_mon/G_RATE[37].u_lp/rate_o_reg[1]
constant 0     u_mon/G_RATE[36].u_lp/rate_o_reg[0]
constant 0     u_mon/G_RATE[36].u_lp/rate_o_reg[3]
constant 0     u_mon/G_RATE[36].u_lp/rate_o_reg[5]
constant 0     u_mon/G_RATE[36].u_lp/rate_o_reg[7]
constant 0     u_mon/G_RATE[36].u_lp/rate_o_reg[9]
constant 0     u_mon/G_RATE[36].u_lp/rate_o_reg[11]
constant 0     u_mon/G_RATE[36].u_lp/rate_o_reg[12]
constant 0     u_mon/G_RATE[36].u_lp/rate_o_reg[13]
constant 0     u_mon/G_RATE[36].u_lp/rate_o_reg[15]
constant 0     u_mon/G_RATE[36].u_lp/rate_o_reg[14]
constant 0     u_mon/G_RATE[36].u_lp/rate_o_reg[10]
constant 0     u_mon/G_RATE[36].u_lp/rate_o_reg[8]
constant 0     u_mon/G_RATE[36].u_lp/rate_o_reg[6]
constant 0     u_mon/G_RATE[36].u_lp/rate_o_reg[4]
constant 0     u_mon/G_RATE[36].u_lp/rate_o_reg[2]
constant 0     u_mon/G_RATE[36].u_lp/rate_o_reg[1]
constant 0     u_mon/G_RATE[35].u_lp/rate_o_reg[0]
constant 0     u_mon/G_RATE[35].u_lp/rate_o_reg[3]
constant 0     u_mon/G_RATE[35].u_lp/rate_o_reg[5]
constant 0     u_mon/G_RATE[35].u_lp/rate_o_reg[7]
constant 0     u_mon/G_RATE[35].u_lp/rate_o_reg[9]
constant 0     u_mon/G_RATE[35].u_lp/rate_o_reg[11]
constant 0     u_mon/G_RATE[35].u_lp/rate_o_reg[12]
constant 0     u_mon/G_RATE[35].u_lp/rate_o_reg[13]
constant 0     u_mon/G_RATE[35].u_lp/rate_o_reg[15]
constant 0     u_mon/G_RATE[35].u_lp/rate_o_reg[14]
constant 0     u_mon/G_RATE[35].u_lp/rate_o_reg[10]
constant 0     u_mon/G_RATE[35].u_lp/rate_o_reg[8]
constant 0     u_mon/G_RATE[35].u_lp/rate_o_reg[6]
constant 0     u_mon/G_RATE[35].u_lp/rate_o_reg[4]
constant 0     u_mon/G_RATE[35].u_lp/rate_o_reg[2]
constant 0     u_mon/G_RATE[35].u_lp/rate_o_reg[1]
constant 0     u_mon/G_RATE[34].u_lp/rate_o_reg[0]
constant 0     u_mon/G_RATE[34].u_lp/rate_o_reg[3]
constant 0     u_mon/G_RATE[34].u_lp/rate_o_reg[5]
constant 0     u_mon/G_RATE[34].u_lp/rate_o_reg[7]
constant 0     u_mon/G_RATE[34].u_lp/rate_o_reg[9]
constant 0     u_mon/G_RATE[34].u_lp/rate_o_reg[11]
constant 0     u_mon/G_RATE[34].u_lp/rate_o_reg[12]
constant 0     u_mon/G_RATE[34].u_lp/rate_o_reg[13]
constant 0     u_mon/G_RATE[34].u_lp/rate_o_reg[15]
constant 0     u_mon/G_RATE[34].u_lp/rate_o_reg[14]
constant 0     u_mon/G_RATE[34].u_lp/rate_o_reg[10]
constant 0     u_mon/G_RATE[34].u_lp/rate_o_reg[8]
constant 0     u_mon/G_RATE[34].u_lp/rate_o_reg[6]
constant 0     u_mon/G_RATE[34].u_lp/rate_o_reg[4]
constant 0     u_mon/G_RATE[34].u_lp/rate_o_reg[2]
constant 0     u_mon/G_RATE[34].u_lp/rate_o_reg[1]
constant 0     u_mon/G_RATE[33].u_lp/rate_o_reg[0]
constant 0     u_mon/G_RATE[33].u_lp/rate_o_reg[3]
constant 0     u_mon/G_RATE[33].u_lp/rate_o_reg[5]
constant 0     u_mon/G_RATE[33].u_lp/rate_o_reg[7]
constant 0     u_mon/G_RATE[33].u_lp/rate_o_reg[9]
constant 0     u_mon/G_RATE[33].u_lp/rate_o_reg[11]
constant 0     u_mon/G_RATE[33].u_lp/rate_o_reg[12]
constant 0     u_mon/G_RATE[33].u_lp/rate_o_reg[13]
constant 0     u_mon/G_RATE[33].u_lp/rate_o_reg[15]
constant 0     u_mon/G_RATE[33].u_lp/rate_o_reg[14]
constant 0     u_mon/G_RATE[33].u_lp/rate_o_reg[10]
constant 0     u_mon/G_RATE[33].u_lp/rate_o_reg[8]
constant 0     u_mon/G_RATE[33].u_lp/rate_o_reg[6]
constant 0     u_mon/G_RATE[33].u_lp/rate_o_reg[4]
constant 0     u_mon/G_RATE[33].u_lp/rate_o_reg[2]
constant 0     u_mon/G_RATE[33].u_lp/rate_o_reg[1]
constant 0     u_mon/G_RATE[32].u_lp/rate_o_reg[0]
constant 0     u_mon/G_RATE[32].u_lp/rate_o_reg[3]
constant 0     u_mon/G_RATE[32].u_lp/rate_o_reg[5]
constant 0     u_mon/G_RATE[32].u_lp/rate_o_reg[7]
constant 0     u_mon/G_RATE[32].u_lp/rate_o_reg[9]
constant 0     u_mon/G_RATE[32].u_lp/rate_o_reg[11]
constant 0     u_mon/G_RATE[32].u_lp/rate_o_reg[12]
constant 0     u_mon/G_RATE[32].u_lp/rate_o_reg[13]
constant 0     u_mon/G_RATE[32].u_lp/rate_o_reg[15]
constant 0     u_mon/G_RATE[32].u_lp/rate_o_reg[14]
constant 0     u_mon/G_RATE[32].u_lp/rate_o_reg[10]
constant 0     u_mon/G_RATE[32].u_lp/rate_o_reg[8]
constant 0     u_mon/G_RATE[32].u_lp/rate_o_reg[6]
constant 0     u_mon/G_RATE[32].u_lp/rate_o_reg[4]
constant 0     u_mon/G_RATE[32].u_lp/rate_o_reg[2]
constant 0     u_mon/G_RATE[32].u_lp/rate_o_reg[1]
constant 0     u_mon/G_RATE[31].u_lp/rate_o_reg[0]
constant 0     u_mon/G_RATE[31].u_lp/rate_o_reg[3]
constant 0     u_mon/G_RATE[31].u_lp/rate_o_reg[5]
constant 0     u_mon/G_RATE[31].u_lp/rate_o_reg[7]
constant 0     u_mon/G_RATE[31].u_lp/rate_o_reg[9]
constant 0     u_mon/G_RATE[31].u_lp/rate_o_reg[11]
constant 0     u_mon/G_RATE[31].u_lp/rate_o_reg[12]
constant 0     u_mon/G_RATE[31].u_lp/rate_o_reg[13]
constant 0     u_mon/G_RATE[31].u_lp/rate_o_reg[15]
constant 0     u_mon/G_RATE[31].u_lp/rate_o_reg[14]
constant 0     u_mon/G_RATE[31].u_lp/rate_o_reg[10]
constant 0     u_mon/G_RATE[31].u_lp/rate_o_reg[8]
constant 0     u_mon/G_RATE[31].u_lp/rate_o_reg[6]
constant 0     u_mon/G_RATE[31].u_lp/rate_o_reg[4]
constant 0     u_mon/G_RATE[31].u_lp/rate_o_reg[2]
constant 0     u_mon/G_RATE[31].u_lp/rate_o_reg[1]
constant 0     u_mon/G_RATE[30].u_lp/rate_o_reg[0]
constant 0     u_mon/G_RATE[30].u_lp/rate_o_reg[3]
constant 0     u_mon/G_RATE[30].u_lp/rate_o_reg[5]
constant 0     u_mon/G_RATE[30].u_lp/rate_o_reg[7]
constant 0     u_mon/G_RATE[30].u_lp/rate_o_reg[9]
constant 0     u_mon/G_RATE[30].u_lp/rate_o_reg[11]
constant 0     u_mon/G_RATE[30].u_lp/rate_o_reg[12]
constant 0     u_mon/G_RATE[30].u_lp/rate_o_reg[13]
constant 0     u_mon/G_RATE[30].u_lp/rate_o_reg[15]
constant 0     u_mon/G_RATE[30].u_lp/rate_o_reg[14]
constant 0     u_mon/G_RATE[30].u_lp/rate_o_reg[10]
constant 0     u_mon/G_RATE[30].u_lp/rate_o_reg[8]
constant 0     u_mon/G_RATE[30].u_lp/rate_o_reg[6]
constant 0     u_mon/G_RATE[30].u_lp/rate_o_reg[4]
constant 0     u_mon/G_RATE[30].u_lp/rate_o_reg[2]
constant 0     u_mon/G_RATE[30].u_lp/rate_o_reg[1]
constant 0     u_mon/G_RATE[29].u_lp/rate_o_reg[0]
constant 0     u_mon/G_RATE[29].u_lp/rate_o_reg[3]
constant 0     u_mon/G_RATE[29].u_lp/rate_o_reg[5]
constant 0     u_mon/G_RATE[29].u_lp/rate_o_reg[7]
constant 0     u_mon/G_RATE[29].u_lp/rate_o_reg[9]
constant 0     u_mon/G_RATE[29].u_lp/rate_o_reg[11]
constant 0     u_mon/G_RATE[29].u_lp/rate_o_reg[12]
constant 0     u_mon/G_RATE[29].u_lp/rate_o_reg[13]
constant 0     u_mon/G_RATE[29].u_lp/rate_o_reg[15]
constant 0     u_mon/G_RATE[29].u_lp/rate_o_reg[14]
constant 0     u_mon/G_RATE[29].u_lp/rate_o_reg[10]
constant 0     u_mon/G_RATE[29].u_lp/rate_o_reg[8]
constant 0     u_mon/G_RATE[29].u_lp/rate_o_reg[6]
constant 0     u_mon/G_RATE[29].u_lp/rate_o_reg[4]
constant 0     u_mon/G_RATE[29].u_lp/rate_o_reg[2]
constant 0     u_mon/G_RATE[29].u_lp/rate_o_reg[1]
constant 0     u_mon/G_RATE[28].u_lp/rate_o_reg[0]
constant 0     u_mon/G_RATE[28].u_lp/rate_o_reg[3]
constant 0     u_mon/G_RATE[28].u_lp/rate_o_reg[5]
constant 0     u_mon/G_RATE[28].u_lp/rate_o_reg[7]
constant 0     u_mon/G_RATE[28].u_lp/rate_o_reg[9]
constant 0     u_mon/G_RATE[28].u_lp/rate_o_reg[11]
constant 0     u_mon/G_RATE[28].u_lp/rate_o_reg[12]
constant 0     u_mon/G_RATE[28].u_lp/rate_o_reg[13]
constant 0     u_mon/G_RATE[28].u_lp/rate_o_reg[15]
constant 0     u_mon/G_RATE[28].u_lp/rate_o_reg[14]
constant 0     u_mon/G_RATE[28].u_lp/rate_o_reg[10]
constant 0     u_mon/G_RATE[28].u_lp/rate_o_reg[8]
constant 0     u_mon/G_RATE[28].u_lp/rate_o_reg[6]
constant 0     u_mon/G_RATE[28].u_lp/rate_o_reg[4]
constant 0     u_mon/G_RATE[28].u_lp/rate_o_reg[2]
constant 0     u_mon/G_RATE[28].u_lp/rate_o_reg[1]
constant 0     u_mon/G_RATE[27].u_lp/rate_o_reg[0]
constant 0     u_mon/G_RATE[27].u_lp/rate_o_reg[3]
constant 0     u_mon/G_RATE[27].u_lp/rate_o_reg[5]
constant 0     u_mon/G_RATE[27].u_lp/rate_o_reg[7]
constant 0     u_mon/G_RATE[27].u_lp/rate_o_reg[9]
constant 0     u_mon/G_RATE[27].u_lp/rate_o_reg[11]
constant 0     u_mon/G_RATE[27].u_lp/rate_o_reg[12]
constant 0     u_mon/G_RATE[27].u_lp/rate_o_reg[13]
constant 0     u_mon/G_RATE[27].u_lp/rate_o_reg[15]
constant 0     u_mon/G_RATE[27].u_lp/rate_o_reg[14]
constant 0     u_mon/G_RATE[27].u_lp/rate_o_reg[10]
constant 0     u_mon/G_RATE[27].u_lp/rate_o_reg[8]
constant 0     u_mon/G_RATE[27].u_lp/rate_o_reg[6]
constant 0     u_mon/G_RATE[27].u_lp/rate_o_reg[4]
constant 0     u_mon/G_RATE[27].u_lp/rate_o_reg[2]
constant 0     u_mon/G_RATE[27].u_lp/rate_o_reg[1]
constant 0     u_mon/G_RATE[26].u_lp/rate_o_reg[0]
constant 0     u_mon/G_RATE[26].u_lp/rate_o_reg[3]
constant 0     u_mon/G_RATE[26].u_lp/rate_o_reg[5]
constant 0     u_mon/G_RATE[26].u_lp/rate_o_reg[7]
constant 0     u_mon/G_RATE[26].u_lp/rate_o_reg[9]
constant 0     u_mon/G_RATE[26].u_lp/rate_o_reg[11]
constant 0     u_mon/G_RATE[26].u_lp/rate_o_reg[12]
constant 0     u_mon/G_RATE[26].u_lp/rate_o_reg[13]
constant 0     u_mon/G_RATE[26].u_lp/rate_o_reg[15]
constant 0     u_mon/G_RATE[26].u_lp/rate_o_reg[14]
constant 0     u_mon/G_RATE[26].u_lp/rate_o_reg[10]
constant 0     u_mon/G_RATE[26].u_lp/rate_o_reg[8]
constant 0     u_mon/G_RATE[26].u_lp/rate_o_reg[6]
constant 0     u_mon/G_RATE[26].u_lp/rate_o_reg[4]
constant 0     u_mon/G_RATE[26].u_lp/rate_o_reg[2]
constant 0     u_mon/G_RATE[26].u_lp/rate_o_reg[1]
constant 0     u_mon/G_RATE[25].u_lp/rate_o_reg[0]
constant 0     u_mon/G_RATE[25].u_lp/rate_o_reg[3]
constant 0     u_mon/G_RATE[25].u_lp/rate_o_reg[5]
constant 0     u_mon/G_RATE[25].u_lp/rate_o_reg[7]
constant 0     u_mon/G_RATE[25].u_lp/rate_o_reg[9]
constant 0     u_mon/G_RATE[25].u_lp/rate_o_reg[11]
constant 0     u_mon/G_RATE[25].u_lp/rate_o_reg[12]
constant 0     u_mon/G_RATE[25].u_lp/rate_o_reg[13]
constant 0     u_mon/G_RATE[25].u_lp/rate_o_reg[15]
constant 0     u_mon/G_RATE[25].u_lp/rate_o_reg[14]
constant 0     u_mon/G_RATE[25].u_lp/rate_o_reg[10]
constant 0     u_mon/G_RATE[25].u_lp/rate_o_reg[8]
constant 0     u_mon/G_RATE[25].u_lp/rate_o_reg[6]
constant 0     u_mon/G_RATE[25].u_lp/rate_o_reg[4]
constant 0     u_mon/G_RATE[25].u_lp/rate_o_reg[2]
constant 0     u_mon/G_RATE[25].u_lp/rate_o_reg[1]
constant 0     u_mon/G_RATE[24].u_lp/rate_o_reg[0]
constant 0     u_mon/G_RATE[24].u_lp/rate_o_reg[3]
constant 0     u_mon/G_RATE[24].u_lp/rate_o_reg[5]
constant 0     u_mon/G_RATE[24].u_lp/rate_o_reg[7]
constant 0     u_mon/G_RATE[24].u_lp/rate_o_reg[9]
constant 0     u_mon/G_RATE[24].u_lp/rate_o_reg[11]
constant 0     u_mon/G_RATE[24].u_lp/rate_o_reg[12]
constant 0     u_mon/G_RATE[24].u_lp/rate_o_reg[13]
constant 0     u_mon/G_RATE[24].u_lp/rate_o_reg[15]
constant 0     u_mon/G_RATE[24].u_lp/rate_o_reg[14]
constant 0     u_mon/G_RATE[24].u_lp/rate_o_reg[10]
constant 0     u_mon/G_RATE[24].u_lp/rate_o_reg[8]
constant 0     u_mon/G_RATE[24].u_lp/rate_o_reg[6]
constant 0     u_mon/G_RATE[24].u_lp/rate_o_reg[4]
constant 0     u_mon/G_RATE[24].u_lp/rate_o_reg[2]
constant 0     u_mon/G_RATE[24].u_lp/rate_o_reg[1]
constant 0     u_mon/G_RATE[23].u_lp/rate_o_reg[0]
constant 0     u_mon/G_RATE[23].u_lp/rate_o_reg[3]
constant 0     u_mon/G_RATE[23].u_lp/rate_o_reg[5]
constant 0     u_mon/G_RATE[23].u_lp/rate_o_reg[7]
constant 0     u_mon/G_RATE[23].u_lp/rate_o_reg[9]
constant 0     u_mon/G_RATE[23].u_lp/rate_o_reg[11]
constant 0     u_mon/G_RATE[23].u_lp/rate_o_reg[12]
constant 0     u_mon/G_RATE[23].u_lp/rate_o_reg[13]
constant 0     u_mon/G_RATE[23].u_lp/rate_o_reg[15]
constant 0     u_mon/G_RATE[23].u_lp/rate_o_reg[14]
constant 0     u_mon/G_RATE[23].u_lp/rate_o_reg[10]
constant 0     u_mon/G_RATE[23].u_lp/rate_o_reg[8]
constant 0     u_mon/G_RATE[23].u_lp/rate_o_reg[6]
constant 0     u_mon/G_RATE[23].u_lp/rate_o_reg[4]
constant 0     u_mon/G_RATE[23].u_lp/rate_o_reg[2]
constant 0     u_mon/G_RATE[23].u_lp/rate_o_reg[1]
constant 0     u_mon/G_RATE[22].u_lp/rate_o_reg[0]
constant 0     u_mon/G_RATE[22].u_lp/rate_o_reg[3]
constant 0     u_mon/G_RATE[22].u_lp/rate_o_reg[5]
constant 0     u_mon/G_RATE[22].u_lp/rate_o_reg[7]
constant 0     u_mon/G_RATE[22].u_lp/rate_o_reg[9]
constant 0     u_mon/G_RATE[22].u_lp/rate_o_reg[11]
constant 0     u_mon/G_RATE[22].u_lp/rate_o_reg[12]
constant 0     u_mon/G_RATE[22].u_lp/rate_o_reg[13]
constant 0     u_mon/G_RATE[22].u_lp/rate_o_reg[15]
constant 0     u_mon/G_RATE[22].u_lp/rate_o_reg[14]
constant 0     u_mon/G_RATE[22].u_lp/rate_o_reg[10]
constant 0     u_mon/G_RATE[22].u_lp/rate_o_reg[8]
constant 0     u_mon/G_RATE[22].u_lp/rate_o_reg[6]
constant 0     u_mon/G_RATE[22].u_lp/rate_o_reg[4]
constant 0     u_mon/G_RATE[22].u_lp/rate_o_reg[2]
constant 0     u_mon/G_RATE[22].u_lp/rate_o_reg[1]
constant 0     u_mon/G_RATE[21].u_lp/rate_o_reg[0]
constant 0     u_mon/G_RATE[21].u_lp/rate_o_reg[3]
constant 0     u_mon/G_RATE[21].u_lp/rate_o_reg[5]
constant 0     u_mon/G_RATE[21].u_lp/rate_o_reg[7]
constant 0     u_mon/G_RATE[21].u_lp/rate_o_reg[9]
constant 0     u_mon/G_RATE[21].u_lp/rate_o_reg[11]
constant 0     u_mon/G_RATE[21].u_lp/rate_o_reg[12]
constant 0     u_mon/G_RATE[21].u_lp/rate_o_reg[13]
constant 0     u_mon/G_RATE[21].u_lp/rate_o_reg[15]
constant 0     u_mon/G_RATE[21].u_lp/rate_o_reg[14]
constant 0     u_mon/G_RATE[21].u_lp/rate_o_reg[10]
constant 0     u_mon/G_RATE[21].u_lp/rate_o_reg[8]
constant 0     u_mon/G_RATE[21].u_lp/rate_o_reg[6]
constant 0     u_mon/G_RATE[21].u_lp/rate_o_reg[4]
constant 0     u_mon/G_RATE[21].u_lp/rate_o_reg[2]
constant 0     u_mon/G_RATE[21].u_lp/rate_o_reg[1]
constant 0     u_mon/G_RATE[20].u_lp/rate_o_reg[0]
constant 0     u_mon/G_RATE[20].u_lp/rate_o_reg[3]
constant 0     u_mon/G_RATE[20].u_lp/rate_o_reg[5]
constant 0     u_mon/G_RATE[20].u_lp/rate_o_reg[7]
constant 0     u_mon/G_RATE[20].u_lp/rate_o_reg[9]
constant 0     u_mon/G_RATE[20].u_lp/rate_o_reg[11]
constant 0     u_mon/G_RATE[20].u_lp/rate_o_reg[12]
constant 0     u_mon/G_RATE[20].u_lp/rate_o_reg[13]
constant 0     u_mon/G_RATE[20].u_lp/rate_o_reg[15]
constant 0     u_mon/G_RATE[20].u_lp/rate_o_reg[14]
constant 0     u_mon/G_RATE[20].u_lp/rate_o_reg[10]
constant 0     u_mon/G_RATE[20].u_lp/rate_o_reg[8]
constant 0     u_mon/G_RATE[20].u_lp/rate_o_reg[6]
constant 0     u_mon/G_RATE[20].u_lp/rate_o_reg[4]
constant 0     u_mon/G_RATE[20].u_lp/rate_o_reg[2]
constant 0     u_mon/G_RATE[20].u_lp/rate_o_reg[1]
constant 0     u_mon/G_RATE[19].u_lp/rate_o_reg[0]
constant 0     u_mon/G_RATE[19].u_lp/rate_o_reg[3]
constant 0     u_mon/G_RATE[19].u_lp/rate_o_reg[5]
constant 0     u_mon/G_RATE[19].u_lp/rate_o_reg[7]
constant 0     u_mon/G_RATE[19].u_lp/rate_o_reg[9]
constant 0     u_mon/G_RATE[19].u_lp/rate_o_reg[11]
constant 0     u_mon/G_RATE[19].u_lp/rate_o_reg[12]
constant 0     u_mon/G_RATE[19].u_lp/rate_o_reg[13]
constant 0     u_mon/G_RATE[19].u_lp/rate_o_reg[15]
constant 0     u_mon/G_RATE[19].u_lp/rate_o_reg[14]
constant 0     u_mon/G_RATE[19].u_lp/rate_o_reg[10]
constant 0     u_mon/G_RATE[19].u_lp/rate_o_reg[8]
constant 0     u_mon/G_RATE[19].u_lp/rate_o_reg[6]
constant 0     u_mon/G_RATE[19].u_lp/rate_o_reg[4]
constant 0     u_mon/G_RATE[19].u_lp/rate_o_reg[2]
constant 0     u_mon/G_RATE[19].u_lp/rate_o_reg[1]
constant 0     u_mon/G_RATE[18].u_lp/rate_o_reg[0]
constant 0     u_mon/G_RATE[18].u_lp/rate_o_reg[3]
constant 0     u_mon/G_RATE[18].u_lp/rate_o_reg[5]
constant 0     u_mon/G_RATE[18].u_lp/rate_o_reg[7]
constant 0     u_mon/G_RATE[18].u_lp/rate_o_reg[9]
constant 0     u_mon/G_RATE[18].u_lp/rate_o_reg[11]
constant 0     u_mon/G_RATE[18].u_lp/rate_o_reg[12]
constant 0     u_mon/G_RATE[18].u_lp/rate_o_reg[13]
constant 0     u_mon/G_RATE[18].u_lp/rate_o_reg[15]
constant 0     u_mon/G_RATE[18].u_lp/rate_o_reg[14]
constant 0     u_mon/G_RATE[18].u_lp/rate_o_reg[10]
constant 0     u_mon/G_RATE[18].u_lp/rate_o_reg[8]
constant 0     u_mon/G_RATE[18].u_lp/rate_o_reg[6]
constant 0     u_mon/G_RATE[18].u_lp/rate_o_reg[4]
constant 0     u_mon/G_RATE[18].u_lp/rate_o_reg[2]
constant 0     u_mon/G_RATE[18].u_lp/rate_o_reg[1]
constant 0     u_mon/G_RATE[17].u_lp/rate_o_reg[0]
constant 0     u_mon/G_RATE[17].u_lp/rate_o_reg[3]
constant 0     u_mon/G_RATE[17].u_lp/rate_o_reg[5]
constant 0     u_mon/G_RATE[17].u_lp/rate_o_reg[7]
constant 0     u_mon/G_RATE[17].u_lp/rate_o_reg[9]
constant 0     u_mon/G_RATE[17].u_lp/rate_o_reg[11]
constant 0     u_mon/G_RATE[17].u_lp/rate_o_reg[12]
constant 0     u_mon/G_RATE[17].u_lp/rate_o_reg[13]
constant 0     u_mon/G_RATE[17].u_lp/rate_o_reg[15]
constant 0     u_mon/G_RATE[17].u_lp/rate_o_reg[14]
constant 0     u_mon/G_RATE[17].u_lp/rate_o_reg[10]
constant 0     u_mon/G_RATE[17].u_lp/rate_o_reg[8]
constant 0     u_mon/G_RATE[17].u_lp/rate_o_reg[6]
constant 0     u_mon/G_RATE[17].u_lp/rate_o_reg[4]
constant 0     u_mon/G_RATE[17].u_lp/rate_o_reg[2]
constant 0     u_mon/G_RATE[17].u_lp/rate_o_reg[1]
constant 0     u_mon/G_RATE[16].u_lp/rate_o_reg[0]
constant 0     u_mon/G_RATE[16].u_lp/rate_o_reg[3]
constant 0     u_mon/G_RATE[16].u_lp/rate_o_reg[5]
constant 0     u_mon/G_RATE[16].u_lp/rate_o_reg[7]
constant 0     u_mon/G_RATE[16].u_lp/rate_o_reg[9]
constant 0     u_mon/G_RATE[16].u_lp/rate_o_reg[11]
constant 0     u_mon/G_RATE[16].u_lp/rate_o_reg[12]
constant 0     u_mon/G_RATE[16].u_lp/rate_o_reg[13]
constant 0     u_mon/G_RATE[16].u_lp/rate_o_reg[15]
constant 0     u_mon/G_RATE[16].u_lp/rate_o_reg[14]
constant 0     u_mon/G_RATE[16].u_lp/rate_o_reg[10]
constant 0     u_mon/G_RATE[16].u_lp/rate_o_reg[8]
constant 0     u_mon/G_RATE[16].u_lp/rate_o_reg[6]
constant 0     u_mon/G_RATE[16].u_lp/rate_o_reg[4]
constant 0     u_mon/G_RATE[16].u_lp/rate_o_reg[2]
constant 0     u_mon/G_RATE[16].u_lp/rate_o_reg[1]
constant 0     u_mon/G_RATE[15].u_lp/rate_o_reg[0]
constant 0     u_mon/G_RATE[15].u_lp/rate_o_reg[3]
constant 0     u_mon/G_RATE[15].u_lp/rate_o_reg[5]
constant 0     u_mon/G_RATE[15].u_lp/rate_o_reg[7]
constant 0     u_mon/G_RATE[15].u_lp/rate_o_reg[9]
constant 0     u_mon/G_RATE[15].u_lp/rate_o_reg[11]
constant 0     u_mon/G_RATE[15].u_lp/rate_o_reg[12]
constant 0     u_mon/G_RATE[15].u_lp/rate_o_reg[13]
constant 0     u_mon/G_RATE[15].u_lp/rate_o_reg[15]
constant 0     u_mon/G_RATE[15].u_lp/rate_o_reg[14]
constant 0     u_mon/G_RATE[15].u_lp/rate_o_reg[10]
constant 0     u_mon/G_RATE[15].u_lp/rate_o_reg[8]
constant 0     u_mon/G_RATE[15].u_lp/rate_o_reg[6]
constant 0     u_mon/G_RATE[15].u_lp/rate_o_reg[4]
constant 0     u_mon/G_RATE[15].u_lp/rate_o_reg[2]
constant 0     u_mon/G_RATE[15].u_lp/rate_o_reg[1]
constant 0     u_mon/G_RATE[14].u_lp/rate_o_reg[0]
constant 0     u_mon/G_RATE[14].u_lp/rate_o_reg[3]
constant 0     u_mon/G_RATE[14].u_lp/rate_o_reg[5]
constant 0     u_mon/G_RATE[14].u_lp/rate_o_reg[7]
constant 0     u_mon/G_RATE[14].u_lp/rate_o_reg[9]
constant 0     u_mon/G_RATE[14].u_lp/rate_o_reg[11]
constant 0     u_mon/G_RATE[14].u_lp/rate_o_reg[12]
constant 0     u_mon/G_RATE[14].u_lp/rate_o_reg[13]
constant 0     u_mon/G_RATE[14].u_lp/rate_o_reg[15]
constant 0     u_mon/G_RATE[14].u_lp/rate_o_reg[14]
constant 0     u_mon/G_RATE[14].u_lp/rate_o_reg[10]
constant 0     u_mon/G_RATE[14].u_lp/rate_o_reg[8]
constant 0     u_mon/G_RATE[14].u_lp/rate_o_reg[6]
constant 0     u_mon/G_RATE[14].u_lp/rate_o_reg[4]
constant 0     u_mon/G_RATE[14].u_lp/rate_o_reg[2]
constant 0     u_mon/G_RATE[14].u_lp/rate_o_reg[1]
constant 0     u_mon/G_RATE[13].u_lp/rate_o_reg[0]
constant 0     u_mon/G_RATE[13].u_lp/rate_o_reg[3]
constant 0     u_mon/G_RATE[13].u_lp/rate_o_reg[5]
constant 0     u_mon/G_RATE[13].u_lp/rate_o_reg[7]
constant 0     u_mon/G_RATE[13].u_lp/rate_o_reg[9]
constant 0     u_mon/G_RATE[13].u_lp/rate_o_reg[11]
constant 0     u_mon/G_RATE[13].u_lp/rate_o_reg[12]
constant 0     u_mon/G_RATE[13].u_lp/rate_o_reg[13]
constant 0     u_mon/G_RATE[13].u_lp/rate_o_reg[15]
constant 0     u_mon/G_RATE[13].u_lp/rate_o_reg[14]
constant 0     u_mon/G_RATE[13].u_lp/rate_o_reg[10]
constant 0     u_mon/G_RATE[13].u_lp/rate_o_reg[8]
constant 0     u_mon/G_RATE[13].u_lp/rate_o_reg[6]
constant 0     u_mon/G_RATE[13].u_lp/rate_o_reg[4]
constant 0     u_mon/G_RATE[13].u_lp/rate_o_reg[2]
constant 0     u_mon/G_RATE[13].u_lp/rate_o_reg[1]
constant 0     u_mon/G_RATE[12].u_lp/rate_o_reg[0]
constant 0     u_mon/G_RATE[12].u_lp/rate_o_reg[3]
constant 0     u_mon/G_RATE[12].u_lp/rate_o_reg[5]
constant 0     u_mon/G_RATE[12].u_lp/rate_o_reg[7]
constant 0     u_mon/G_RATE[12].u_lp/rate_o_reg[9]
constant 0     u_mon/G_RATE[12].u_lp/rate_o_reg[11]
constant 0     u_mon/G_RATE[12].u_lp/rate_o_reg[12]
constant 0     u_mon/G_RATE[12].u_lp/rate_o_reg[13]
constant 0     u_mon/G_RATE[12].u_lp/rate_o_reg[15]
constant 0     u_mon/G_RATE[12].u_lp/rate_o_reg[14]
constant 0     u_mon/G_RATE[12].u_lp/rate_o_reg[10]
constant 0     u_mon/G_RATE[12].u_lp/rate_o_reg[8]
constant 0     u_mon/G_RATE[12].u_lp/rate_o_reg[6]
constant 0     u_mon/G_RATE[12].u_lp/rate_o_reg[4]
constant 0     u_mon/G_RATE[12].u_lp/rate_o_reg[2]
constant 0     u_mon/G_RATE[12].u_lp/rate_o_reg[1]
constant 0     u_mon/G_RATE[11].u_lp/rate_o_reg[0]
constant 0     u_mon/G_RATE[11].u_lp/rate_o_reg[3]
constant 0     u_mon/G_RATE[11].u_lp/rate_o_reg[5]
constant 0     u_mon/G_RATE[11].u_lp/rate_o_reg[7]
constant 0     u_mon/G_RATE[11].u_lp/rate_o_reg[9]
constant 0     u_mon/G_RATE[11].u_lp/rate_o_reg[11]
constant 0     u_mon/G_RATE[11].u_lp/rate_o_reg[12]
constant 0     u_mon/G_RATE[11].u_lp/rate_o_reg[13]
constant 0     u_mon/G_RATE[11].u_lp/rate_o_reg[15]
constant 0     u_mon/G_RATE[11].u_lp/rate_o_reg[14]
constant 0     u_mon/G_RATE[11].u_lp/rate_o_reg[10]
constant 0     u_mon/G_RATE[11].u_lp/rate_o_reg[8]
constant 0     u_mon/G_RATE[11].u_lp/rate_o_reg[6]
constant 0     u_mon/G_RATE[11].u_lp/rate_o_reg[4]
constant 0     u_mon/G_RATE[11].u_lp/rate_o_reg[2]
constant 0     u_mon/G_RATE[11].u_lp/rate_o_reg[1]
constant 0     u_mon/G_RATE[10].u_lp/rate_o_reg[0]
constant 0     u_mon/G_RATE[10].u_lp/rate_o_reg[3]
constant 0     u_mon/G_RATE[10].u_lp/rate_o_reg[5]
constant 0     u_mon/G_RATE[10].u_lp/rate_o_reg[7]
constant 0     u_mon/G_RATE[10].u_lp/rate_o_reg[9]
constant 0     u_mon/G_RATE[10].u_lp/rate_o_reg[11]
constant 0     u_mon/G_RATE[10].u_lp/rate_o_reg[12]
constant 0     u_mon/G_RATE[10].u_lp/rate_o_reg[13]
constant 0     u_mon/G_RATE[10].u_lp/rate_o_reg[15]
constant 0     u_mon/G_RATE[10].u_lp/rate_o_reg[14]
constant 0     u_mon/G_RATE[10].u_lp/rate_o_reg[10]
constant 0     u_mon/G_RATE[10].u_lp/rate_o_reg[8]
constant 0     u_mon/G_RATE[10].u_lp/rate_o_reg[6]
constant 0     u_mon/G_RATE[10].u_lp/rate_o_reg[4]
constant 0     u_mon/G_RATE[10].u_lp/rate_o_reg[2]
constant 0     u_mon/G_RATE[10].u_lp/rate_o_reg[1]
constant 0     u_mon/G_RATE[9].u_lp/rate_o_reg[0]
constant 0     u_mon/G_RATE[9].u_lp/rate_o_reg[3]
constant 0     u_mon/G_RATE[9].u_lp/rate_o_reg[5]
constant 0     u_mon/G_RATE[9].u_lp/rate_o_reg[7]
constant 0     u_mon/G_RATE[9].u_lp/rate_o_reg[9]
constant 0     u_mon/G_RATE[9].u_lp/rate_o_reg[11]
constant 0     u_mon/G_RATE[9].u_lp/rate_o_reg[12]
constant 0     u_mon/G_RATE[9].u_lp/rate_o_reg[13]
constant 0     u_mon/G_RATE[9].u_lp/rate_o_reg[15]
constant 0     u_mon/G_RATE[9].u_lp/rate_o_reg[14]
constant 0     u_mon/G_RATE[9].u_lp/rate_o_reg[10]
constant 0     u_mon/G_RATE[9].u_lp/rate_o_reg[8]
constant 0     u_mon/G_RATE[9].u_lp/rate_o_reg[6]
constant 0     u_mon/G_RATE[9].u_lp/rate_o_reg[4]
constant 0     u_mon/G_RATE[9].u_lp/rate_o_reg[2]
constant 0     u_mon/G_RATE[9].u_lp/rate_o_reg[1]
constant 0     u_mon/G_RATE[8].u_lp/rate_o_reg[0]
constant 0     u_mon/G_RATE[8].u_lp/rate_o_reg[3]
constant 0     u_mon/G_RATE[8].u_lp/rate_o_reg[5]
constant 0     u_mon/G_RATE[8].u_lp/rate_o_reg[7]
constant 0     u_mon/G_RATE[8].u_lp/rate_o_reg[9]
constant 0     u_mon/G_RATE[8].u_lp/rate_o_reg[11]
constant 0     u_mon/G_RATE[8].u_lp/rate_o_reg[12]
constant 0     u_mon/G_RATE[8].u_lp/rate_o_reg[13]
constant 0     u_mon/G_RATE[8].u_lp/rate_o_reg[15]
constant 0     u_mon/G_RATE[8].u_lp/rate_o_reg[14]
constant 0     u_mon/G_RATE[8].u_lp/rate_o_reg[10]
constant 0     u_mon/G_RATE[8].u_lp/rate_o_reg[8]
constant 0     u_mon/G_RATE[8].u_lp/rate_o_reg[6]
constant 0     u_mon/G_RATE[8].u_lp/rate_o_reg[4]
constant 0     u_mon/G_RATE[8].u_lp/rate_o_reg[2]
constant 0     u_mon/G_RATE[8].u_lp/rate_o_reg[1]
constant 0     u_mon/G_RATE[7].u_lp/rate_o_reg[0]
constant 0     u_mon/G_RATE[7].u_lp/rate_o_reg[3]
constant 0     u_mon/G_RATE[7].u_lp/rate_o_reg[5]
constant 0     u_mon/G_RATE[7].u_lp/rate_o_reg[7]
constant 0     u_mon/G_RATE[7].u_lp/rate_o_reg[9]
constant 0     u_mon/G_RATE[7].u_lp/rate_o_reg[11]
constant 0     u_mon/G_RATE[7].u_lp/rate_o_reg[12]
constant 0     u_mon/G_RATE[7].u_lp/rate_o_reg[13]
constant 0     u_mon/G_RATE[7].u_lp/rate_o_reg[15]
constant 0     u_mon/G_RATE[7].u_lp/rate_o_reg[14]
constant 0     u_mon/G_RATE[7].u_lp/rate_o_reg[10]
constant 0     u_mon/G_RATE[7].u_lp/rate_o_reg[8]
constant 0     u_mon/G_RATE[7].u_lp/rate_o_reg[6]
constant 0     u_mon/G_RATE[7].u_lp/rate_o_reg[4]
constant 0     u_mon/G_RATE[7].u_lp/rate_o_reg[2]
constant 0     u_mon/G_RATE[7].u_lp/rate_o_reg[1]
constant 0     u_mon/G_RATE[6].u_lp/rate_o_reg[0]
constant 0     u_mon/G_RATE[6].u_lp/rate_o_reg[3]
constant 0     u_mon/G_RATE[6].u_lp/rate_o_reg[5]
constant 0     u_mon/G_RATE[6].u_lp/rate_o_reg[7]
constant 0     u_mon/G_RATE[6].u_lp/rate_o_reg[9]
constant 0     u_mon/G_RATE[6].u_lp/rate_o_reg[11]
constant 0     u_mon/G_RATE[6].u_lp/rate_o_reg[12]
constant 0     u_mon/G_RATE[6].u_lp/rate_o_reg[13]
constant 0     u_mon/G_RATE[6].u_lp/rate_o_reg[15]
constant 0     u_mon/G_RATE[6].u_lp/rate_o_reg[14]
constant 0     u_mon/G_RATE[6].u_lp/rate_o_reg[10]
constant 0     u_mon/G_RATE[6].u_lp/rate_o_reg[8]
constant 0     u_mon/G_RATE[6].u_lp/rate_o_reg[6]
constant 0     u_mon/G_RATE[6].u_lp/rate_o_reg[4]
constant 0     u_mon/G_RATE[6].u_lp/rate_o_reg[2]
constant 0     u_mon/G_RATE[6].u_lp/rate_o_reg[1]
constant 0     u_mon/G_RATE[5].u_lp/rate_o_reg[0]
constant 0     u_mon/G_RATE[5].u_lp/rate_o_reg[3]
constant 0     u_mon/G_RATE[5].u_lp/rate_o_reg[5]
constant 0     u_mon/G_RATE[5].u_lp/rate_o_reg[7]
constant 0     u_mon/G_RATE[5].u_lp/rate_o_reg[9]
constant 0     u_mon/G_RATE[5].u_lp/rate_o_reg[11]
constant 0     u_mon/G_RATE[5].u_lp/rate_o_reg[12]
constant 0     u_mon/G_RATE[5].u_lp/rate_o_reg[13]
constant 0     u_mon/G_RATE[5].u_lp/rate_o_reg[15]
constant 0     u_mon/G_RATE[5].u_lp/rate_o_reg[14]
constant 0     u_mon/G_RATE[5].u_lp/rate_o_reg[10]
constant 0     u_mon/G_RATE[5].u_lp/rate_o_reg[8]
constant 0     u_mon/G_RATE[5].u_lp/rate_o_reg[6]
constant 0     u_mon/G_RATE[5].u_lp/rate_o_reg[4]
constant 0     u_mon/G_RATE[5].u_lp/rate_o_reg[2]
constant 0     u_mon/G_RATE[5].u_lp/rate_o_reg[1]
constant 0     u_mon/G_RATE[4].u_lp/rate_o_reg[0]
constant 0     u_mon/G_RATE[4].u_lp/rate_o_reg[3]
constant 0     u_mon/G_RATE[4].u_lp/rate_o_reg[5]
constant 0     u_mon/G_RATE[4].u_lp/rate_o_reg[7]
constant 0     u_mon/G_RATE[4].u_lp/rate_o_reg[9]
constant 0     u_mon/G_RATE[4].u_lp/rate_o_reg[11]
constant 0     u_mon/G_RATE[4].u_lp/rate_o_reg[12]
constant 0     u_mon/G_RATE[4].u_lp/rate_o_reg[13]
constant 0     u_mon/G_RATE[4].u_lp/rate_o_reg[15]
constant 0     u_mon/G_RATE[4].u_lp/rate_o_reg[14]
constant 0     u_mon/G_RATE[4].u_lp/rate_o_reg[10]
constant 0     u_mon/G_RATE[4].u_lp/rate_o_reg[8]
constant 0     u_mon/G_RATE[4].u_lp/rate_o_reg[6]
constant 0     u_mon/G_RATE[4].u_lp/rate_o_reg[4]
constant 0     u_mon/G_RATE[4].u_lp/rate_o_reg[2]
constant 0     u_mon/G_RATE[4].u_lp/rate_o_reg[1]
constant 0     u_mon/G_RATE[3].u_lp/rate_o_reg[0]
constant 0     u_mon/G_RATE[3].u_lp/rate_o_reg[3]
constant 0     u_mon/G_RATE[3].u_lp/rate_o_reg[5]
constant 0     u_mon/G_RATE[3].u_lp/rate_o_reg[7]
constant 0     u_mon/G_RATE[3].u_lp/rate_o_reg[9]
constant 0     u_mon/G_RATE[3].u_lp/rate_o_reg[11]
constant 0     u_mon/G_RATE[3].u_lp/rate_o_reg[12]
constant 0     u_mon/G_RATE[3].u_lp/rate_o_reg[13]
constant 0     u_mon/G_RATE[3].u_lp/rate_o_reg[15]
constant 0     u_mon/G_RATE[3].u_lp/rate_o_reg[14]
constant 0     u_mon/G_RATE[3].u_lp/rate_o_reg[10]
constant 0     u_mon/G_RATE[3].u_lp/rate_o_reg[8]
constant 0     u_mon/G_RATE[3].u_lp/rate_o_reg[6]
constant 0     u_mon/G_RATE[3].u_lp/rate_o_reg[4]
constant 0     u_mon/G_RATE[3].u_lp/rate_o_reg[2]
constant 0     u_mon/G_RATE[3].u_lp/rate_o_reg[1]
constant 0     u_mon/G_RATE[63].u_lp/rate_o_reg[0]
constant 0     u_mon/G_RATE[63].u_lp/rate_o_reg[3]
constant 0     u_mon/G_RATE[63].u_lp/rate_o_reg[5]
constant 0     u_mon/G_RATE[63].u_lp/rate_o_reg[7]
constant 0     u_mon/G_RATE[63].u_lp/rate_o_reg[9]
constant 0     u_mon/G_RATE[63].u_lp/rate_o_reg[11]
constant 0     u_mon/G_RATE[63].u_lp/rate_o_reg[12]
constant 0     u_mon/G_RATE[63].u_lp/rate_o_reg[13]
constant 0     u_mon/G_RATE[63].u_lp/rate_o_reg[15]
constant 0     u_mon/G_RATE[63].u_lp/rate_o_reg[14]
constant 0     u_mon/G_RATE[63].u_lp/rate_o_reg[10]
constant 0     u_mon/G_RATE[63].u_lp/rate_o_reg[8]
constant 0     u_mon/G_RATE[63].u_lp/rate_o_reg[6]
constant 0     u_mon/G_RATE[63].u_lp/rate_o_reg[4]
constant 0     u_mon/G_RATE[63].u_lp/rate_o_reg[2]
constant 0     u_mon/G_RATE[63].u_lp/rate_o_reg[1]
constant 0     u_sens/G_SENS[0].u_tof/cnt_q_reg[0][7]
constant 0     u_sens/G_SENS[0].u_tof/cnt_q_reg[0][6]
constant 0     u_sens/G_SENS[0].u_tof/cnt_q_reg[6][7]
constant 0     u_sens/G_SENS[0].u_tof/cnt_q_reg[6][6]
constant 0     u_sens/G_SENS[0].u_tof/cnt_q_reg[4][7]
constant 0     u_sens/G_SENS[0].u_tof/cnt_q_reg[4][6]
constant 0     u_sens/G_SENS[0].u_tof/cnt_q_reg[2][7]
constant 0     u_sens/G_SENS[0].u_tof/cnt_q_reg[2][6]
constant 0     u_sens/G_SENS[0].u_tof/cnt_q_reg[5][7]
constant 0     u_sens/G_SENS[0].u_tof/cnt_q_reg[5][6]
constant 0     u_sens/G_SENS[0].u_tof/cnt_q_reg[3][7]
constant 0     u_sens/G_SENS[0].u_tof/cnt_q_reg[3][6]
constant 0     u_sens/G_SENS[0].u_tof/cnt_q_reg[1][7]
constant 0     u_sens/G_SENS[0].u_tof/cnt_q_reg[1][6]
constant 0     u_sens/G_SENS[0].u_tof/cnt_q_reg[7][7]
constant 0     u_sens/G_SENS[0].u_tof/cnt_q_reg[7][6]
constant 0     u_sens/G_SENS[1].u_tof/cnt_q_reg[0][7]
constant 0     u_sens/G_SENS[1].u_tof/cnt_q_reg[0][6]
constant 0     u_sens/G_SENS[1].u_tof/cnt_q_reg[6][7]
constant 0     u_sens/G_SENS[1].u_tof/cnt_q_reg[6][6]
constant 0     u_sens/G_SENS[1].u_tof/cnt_q_reg[4][7]
constant 0     u_sens/G_SENS[1].u_tof/cnt_q_reg[4][6]
constant 0     u_sens/G_SENS[1].u_tof/cnt_q_reg[2][7]
constant 0     u_sens/G_SENS[1].u_tof/cnt_q_reg[2][6]
constant 0     u_sens/G_SENS[1].u_tof/cnt_q_reg[5][7]
constant 0     u_sens/G_SENS[1].u_tof/cnt_q_reg[5][6]
constant 0     u_sens/G_SENS[1].u_tof/cnt_q_reg[3][7]
constant 0     u_sens/G_SENS[1].u_tof/cnt_q_reg[3][6]
constant 0     u_sens/G_SENS[1].u_tof/cnt_q_reg[1][7]
constant 0     u_sens/G_SENS[1].u_tof/cnt_q_reg[1][6]
constant 0     u_sens/G_SENS[1].u_tof/cnt_q_reg[7][7]
constant 0     u_sens/G_SENS[1].u_tof/cnt_q_reg[7][6]
constant 0     u_sens/G_SENS[2].u_tof/cnt_q_reg[0][7]
constant 0     u_sens/G_SENS[2].u_tof/cnt_q_reg[0][6]
constant 0     u_sens/G_SENS[2].u_tof/cnt_q_reg[6][7]
constant 0     u_sens/G_SENS[2].u_tof/cnt_q_reg[6][6]
constant 0     u_sens/G_SENS[2].u_tof/cnt_q_reg[4][7]
constant 0     u_sens/G_SENS[2].u_tof/cnt_q_reg[4][6]
constant 0     u_sens/G_SENS[2].u_tof/cnt_q_reg[2][7]
constant 0     u_sens/G_SENS[2].u_tof/cnt_q_reg[2][6]
constant 0     u_sens/G_SENS[2].u_tof/cnt_q_reg[5][7]
constant 0     u_sens/G_SENS[2].u_tof/cnt_q_reg[5][6]
constant 0     u_sens/G_SENS[2].u_tof/cnt_q_reg[3][7]
constant 0     u_sens/G_SENS[2].u_tof/cnt_q_reg[3][6]
constant 0     u_sens/G_SENS[2].u_tof/cnt_q_reg[1][7]
constant 0     u_sens/G_SENS[2].u_tof/cnt_q_reg[1][6]
constant 0     u_sens/G_SENS[2].u_tof/cnt_q_reg[7][7]
constant 0     u_sens/G_SENS[2].u_tof/cnt_q_reg[7][6]
constant 0     u_mon/dbg_status_reg[12]
constant 0     u_mon/dbg_status_reg[13]
constant 0     u_mon/dbg_status_reg[14]
constant 0     u_mon/dbg_status_reg[15]
constant 0     u_mon/dopamine_o_reg[5]
