============================================================
  Generated by:           Genus(TM) Synthesis Solution 23.14-s090_1
  Generated on:           Nov 02 2025  07:31:54 pm
  Module:                 ai_neuron_top_comp_v2
  Operating conditions:   PVT_0P9V_125C (balanced_tree)
  Wireload mode:          enclosed
  Area mode:              timing library
============================================================

                                    Wire      Wire   Wireload 
       Net        Loads   Drivers Cap(fF) Res(k-ohm)    Model 
--------------------------------------------------------------
clk_en                8         1     0.0      0.000          
dbg[0]                1         1     0.0      0.000          
dbg[1]                1         1     0.0      0.000          
dbg[2]                1         1     0.0      0.000          
dbg[3]                1         1     0.0      0.000          
dbg[4]                1         1     0.0      0.000          
dbg[5]                1         1     0.0      0.000          
dbg[6]                1         1     0.0      0.000          
dbg[7]                1         1     0.0      0.000          
dbg[8]                1         1     0.0      0.000          
dbg[9]                1         1     0.0      0.000          
dbg[10]               1         1     0.0      0.000          
dbg[11]               1         1     0.0      0.000          
dbg[12]               0         1                             
dopamine[6]           1         1     0.0      0.000          
dopamine[7]           1         1     0.0      0.000          
east                  3         1     0.0      0.000          
ev_valid              2         1     0.0      0.000          
fx_acc[0]            12         1     0.0      0.000          
fx_acc[1]            14         1     0.0      0.000          
fx_acc[2]            15         1     0.0      0.000          
fx_acc[3]            16         1     0.0      0.000          
fx_acc[4]            16         1     0.0      0.000          
fx_acc[5]            16         1     0.0      0.000          
fx_acc[6]            14         1     0.0      0.000          
fx_acc[7]            14         1     0.0      0.000          
fx_acc[8]            16         1     0.0      0.000          
fx_acc[9]            16         1     0.0      0.000          
fx_acc[10]           16         1     0.0      0.000          
fx_acc[11]           14         1     0.0      0.000          
fx_acc[12]           16         1     0.0      0.000          
fx_acc[13]           15         1     0.0      0.000          
fx_acc[14]           20         1     0.0      0.000          
fx_acc[15]           19         1     0.0      0.000          
fx_acc[16]           16         1     0.0      0.000          
fx_acc[17]           15         1     0.0      0.000          
fx_acc[18]           18         1     0.0      0.000          
fx_acc[19]           16         1     0.0      0.000          
fx_acc[20]           16         1     0.0      0.000          
fx_acc[21]           20         1     0.0      0.000          
fx_acc[22]           16         1     0.0      0.000          
fx_acc[23]            9         1     0.0      0.000          
fy_acc[0]            12         1     0.0      0.000          
fy_acc[1]            14         1     0.0      0.000          
fy_acc[2]            15         1     0.0      0.000          
fy_acc[3]            16         1     0.0      0.000          
fy_acc[4]            16         1     0.0      0.000          
fy_acc[5]            16         1     0.0      0.000          
fy_acc[6]            14         1     0.0      0.000          
fy_acc[7]            14         1     0.0      0.000          
fy_acc[8]            16         1     0.0      0.000          
fy_acc[9]            16         1     0.0      0.000          
fy_acc[10]           16         1     0.0      0.000          
fy_acc[11]           14         1     0.0      0.000          
fy_acc[12]           16         1     0.0      0.000          
fy_acc[13]           15         1     0.0      0.000          
fy_acc[14]           20         1     0.0      0.000          
fy_acc[15]           19         1     0.0      0.000          
fy_acc[16]           16         1     0.0      0.000          
fy_acc[17]           15         1     0.0      0.000          
fy_acc[18]           18         1     0.0      0.000          
fy_acc[19]           16         1     0.0      0.000          
fy_acc[20]           16         1     0.0      0.000          
fy_acc[21]           20         1     0.0      0.000          
fy_acc[22]           16         1     0.0      0.000          
fy_acc[23]            9         1     0.0      0.000          
goal_reached          1         1     0.0      0.000          
motor_fire[0]         1         1     0.0      0.000          
motor_fire[1]         1         1     0.0      0.000          
motor_fire[2]         1         1     0.0      0.000          
motor_fire[3]         1         1     0.0      0.000          
rst_n               616         1     0.0      0.000          
north                 3         1     0.0      0.000          
posx_mm[0]           15         1     0.0      0.000          
posx_mm[1]           15         1     0.0      0.000          
posx_mm[2]           14         1     0.0      0.000          
posx_mm[3]           16         1     0.0      0.000          
posx_mm[4]           17         1     0.0      0.000          
posx_mm[5]           15         1     0.0      0.000          
posx_mm[6]           17         1     0.0      0.000          
posx_mm[7]           12         1     0.0      0.000          
posx_mm[8]           15         1     0.0      0.000          
posx_mm[9]           13         1     0.0      0.000          
posx_mm[10]          12         1     0.0      0.000          
posx_mm[11]          10         1     0.0      0.000          
posx_mm[12]          14         1     0.0      0.000          
posx_mm[13]          11         1     0.0      0.000          
posx_mm[14]          10         1     0.0      0.000          
posx_mm[15]          15         1     0.0      0.000          
posy_mm[0]            9         1     0.0      0.000          
posy_mm[1]           13         1     0.0      0.000          
posy_mm[2]           13         1     0.0      0.000          
posy_mm[3]           14         1     0.0      0.000          
posy_mm[4]           13         1     0.0      0.000          
posy_mm[5]           15         1     0.0      0.000          
posy_mm[6]           13         1     0.0      0.000          
posy_mm[7]           11         1     0.0      0.000          
posy_mm[8]           14         1     0.0      0.000          
posy_mm[9]           14         1     0.0      0.000          
posy_mm[10]          13         1     0.0      0.000          
posy_mm[11]          10         1     0.0      0.000          
posy_mm[12]          13         1     0.0      0.000          
posy_mm[13]          11         1     0.0      0.000          
posy_mm[14]          11         1     0.0      0.000          
posy_mm[15]          17         1     0.0      0.000          
pre_id[0]             2         1     0.0      0.000          
pre_id[1]             2         1     0.0      0.000          
rate_bus[0][0]        4         1     0.0      0.000          
rate_bus[0][1]        3         1     0.0      0.000          
rate_bus[0][2]        3         1     0.0      0.000          
rate_bus[0][3]        3         1     0.0      0.000          
rate_bus[0][4]        5         1     0.0      0.000          
rate_bus[0][5]        4         1     0.0      0.000          
rate_bus[0][6]        4         1     0.0      0.000          
rate_bus[0][7]        4         1     0.0      0.000          
rate_bus[0][8]        4         1     0.0      0.000          
rate_bus[0][9]        4         1     0.0      0.000          
rate_bus[0][10]       4         1     0.0      0.000          
rate_bus[0][11]       4         1     0.0      0.000          
rate_bus[0][12]       7         1     0.0      0.000          
rate_bus[0][13]      10         1     0.0      0.000          
rate_bus[0][14]       7         1     0.0      0.000          
rate_bus[0][15]       5         1     0.0      0.000          
rate_bus[1][0]        4         1     0.0      0.000          
rate_bus[1][1]        3         1     0.0      0.000          
rate_bus[1][2]        3         1     0.0      0.000          
rate_bus[1][3]        3         1     0.0      0.000          
rate_bus[1][4]        5         1     0.0      0.000          
rate_bus[1][5]        4         1     0.0      0.000          
rate_bus[1][6]        4         1     0.0      0.000          
rate_bus[1][7]        4         1     0.0      0.000          
rate_bus[1][8]        4         1     0.0      0.000          
rate_bus[1][9]        4         1     0.0      0.000          
rate_bus[1][10]       4         1     0.0      0.000          
rate_bus[1][11]       4         1     0.0      0.000          
rate_bus[1][12]       7         1     0.0      0.000          
rate_bus[1][13]      10         1     0.0      0.000          
rate_bus[1][14]       7         1     0.0      0.000          
rate_bus[1][15]       5         1     0.0      0.000          
rate_bus[2][0]        4         1     0.0      0.000          
rate_bus[2][1]        3         1     0.0      0.000          
rate_bus[2][2]        3         1     0.0      0.000          
rate_bus[2][3]        3         1     0.0      0.000          
rate_bus[2][4]        5         1     0.0      0.000          
rate_bus[2][5]        4         1     0.0      0.000          
rate_bus[2][6]        4         1     0.0      0.000          
rate_bus[2][7]        4         1     0.0      0.000          
rate_bus[2][8]        4         1     0.0      0.000          
rate_bus[2][9]        4         1     0.0      0.000          
rate_bus[2][10]       4         1     0.0      0.000          
rate_bus[2][11]       4         1     0.0      0.000          
rate_bus[2][12]       7         1     0.0      0.000          
rate_bus[2][13]      10         1     0.0      0.000          
rate_bus[2][14]       7         1     0.0      0.000          
rate_bus[2][15]       5         1     0.0      0.000          
sens_dist[0][0]       1         1     0.0      0.000          
sens_dist[0][1]       1         1     0.0      0.000          
sens_dist[0][2]       1         1     0.0      0.000          
sens_dist[0][3]       1         1     0.0      0.000          
sens_dist[0][4]       1         1     0.0      0.000          
sens_rate[2][7]       0         1                             
sens_dist[1][0]       1         1     0.0      0.000          
sens_dist[1][1]       1         1     0.0      0.000          
sens_dist[1][2]       1         1     0.0      0.000          
sens_dist[1][3]       1         1     0.0      0.000          
sens_dist[1][4]       1         1     0.0      0.000          
sens_dist[2][0]       1         1     0.0      0.000          
sens_dist[2][1]       1         1     0.0      0.000          
sens_dist[2][2]       1         1     0.0      0.000          
sens_dist[2][3]       1         1     0.0      0.000          
sens_dist[2][4]       1         1     0.0      0.000          
sens_rate[0][0]       1         1     0.0      0.000          
sens_rate[0][1]       1         1     0.0      0.000          
sens_rate[0][2]       1         1     0.0      0.000          
sens_rate[0][3]       1         1     0.0      0.000          
sens_rate[0][4]       1         1     0.0      0.000          
sens_rate[0][5]       1         1     0.0      0.000          
sens_rate[0][6]       1         1     0.0      0.000          
sens_rate[1][0]       1         1     0.0      0.000          
sens_rate[1][1]       1         1     0.0      0.000          
sens_rate[1][2]       1         1     0.0      0.000          
sens_rate[1][3]       1         1     0.0      0.000          
sens_rate[1][4]       1         1     0.0      0.000          
sens_rate[1][5]       1         1     0.0      0.000          
sens_rate[1][6]       1         1     0.0      0.000          
sens_rate[2][0]       1         1     0.0      0.000          
sens_rate[2][1]       1         1     0.0      0.000          
sens_rate[2][2]       1         1     0.0      0.000          
sens_rate[2][3]       1         1     0.0      0.000          
sens_rate[2][4]       1         1     0.0      0.000          
sens_rate[2][5]       1         1     0.0      0.000          
sens_rate[2][6]       1         1     0.0      0.000          
sens_spk[0]           3         1     0.0      0.000          
sens_spk[1]           4         1     0.0      0.000          
sens_spk[2]           3         1     0.0      0.000          
south                15         1     0.0      0.000          
syn_addr[0]           3         1     0.0      0.000          
syn_addr[1]           4         1     0.0      0.000          
syn_addr[2]           3         1     0.0      0.000          
syn_addr[3]           3         1     0.0      0.000          
syn_addr[4]           3         1     0.0      0.000          
syn_addr[5]           3         1     0.0      0.000          
syn_addr[6]           3         1     0.0      0.000          
syn_addr[7]           3         1     0.0      0.000          
syn_addr[8]           3         1     0.0      0.000          
syn_addr[9]           3         1     0.0      0.000          
syn_addr[10]          3         1     0.0      0.000          
syn_addr[11]          3         1     0.0      0.000          
syn_addr[12]          3         1     0.0      0.000          
syn_addr[13]          4         1     0.0      0.000          
syn_addr[14]          4         1     0.0      0.000          
syn_addr[15]          2         1     0.0      0.000          
syn_dst[0]            6         1     0.0      0.000          
syn_dst[1]            7         1     0.0      0.000          
syn_pre[0]            2         1     0.0      0.000          
syn_pre[1]            2         1     0.0      0.000          
syn_w[7]              0         1                             
syn_v                18         1     0.0      0.000          
syn_w[0]              0         1     0.0      0.000          
syn_w[1]              0         1     0.0      0.000          
syn_w[2]              1         1     0.0      0.000          
syn_w[3]              0         1     0.0      0.000          
syn_w[4]              0         1     0.0      0.000          
syn_w[5]              0         1     0.0      0.000          
syn_w[6]              1         1     0.0      0.000          
west                 15         1     0.0      0.000          
n_0                   2         1     0.0      0.000          
n_1                   2         1     0.0      0.000          
n_2                   2         1     0.0      0.000          
n_3                   1         1     0.0      0.000          
n_4                  41         1     0.0      0.000          
n_5                  69         1     0.0      0.000          
n_6                   0         1                             
n_7                   0         1                             
clk                 617         1     0.0      0.000          
