============================================================
  Generated by:           Genus(TM) Synthesis Solution 23.14-s090_1
  Generated on:           Aug 25 2025  09:03:26 pm
  Module:                 neuron_top
  Technology library:     slow_vdd1v0 1.0
  Operating conditions:   PVT_0P9V_125C (balanced_tree)
  Wireload mode:          enclosed
  Area mode:              timing library
============================================================

Timing
--------

Clock  Period 
--------------
clk   10000.0 


  Cost    Critical         Violating 
 Group   Path Slack  TNS     Paths   
-------------------------------------
clk          6173.0   0.0          0 
default    No paths   0.0            
-------------------------------------
Total                 0.0          0 

Instance Count
--------------
Leaf Instance Count             35567 
Physical Instance count             0 
Sequential Instance Count       17472 
Combinational Instance Count    18095 
Hierarchical Instance Count         2 

Area
----
Cell Area                          161235.216
Physical Cell Area                 0.000
Total Cell Area (Cell+Physical)    161235.216
Net Area                           0.000
Total Area (Cell+Physical+Net)     161235.216

Max Fanout                         17473 (clk)
Min Fanout                         0 (u_top/vmem[0])
Average Fanout                     3.5
Terms to net ratio                 4.5274
Terms to instance ratio            4.6393
Runtime                            668.060099 seconds
Elapsed Runtime                    638 seconds
Genus peak memory usage            2099.55 
Innovus peak memory usage          no_value 
Hostname                           snu.polaris.04
